<?xml version="1.0" encoding="UTF-8"?>
<testng-results skipped="14" failed="0" ignored="0" total="14" passed="0">
  <reporter-output>
  </reporter-output>
  <suite name="Suite" duration-ms="0" started-at="2019-09-20T10:50:46Z" finished-at="2019-09-20T10:50:46Z">
    <groups>
    </groups>
  </suite> <!-- Suite -->
  <suite name="Suite (0)" duration-ms="1723" started-at="2019-09-20T10:50:43Z" finished-at="2019-09-20T10:50:45Z">
    <groups>
    </groups>
    <test name="Test" duration-ms="1723" started-at="2019-09-20T10:50:43Z" finished-at="2019-09-20T10:50:45Z">
      <class name="com.atmecs.phptravels.testscripts.InvoicePageTest">
        <test-method status="PASS" signature="startReport()[pri:0, instance:com.atmecs.phptravels.testscripts.InvoicePageTest@48eff760]" name="startReport" is-config="true" duration-ms="296" started-at="2019-09-20T10:50:41Z" finished-at="2019-09-20T10:50:41Z">
          <reporter-output>
          </reporter-output>
        </test-method> <!-- startReport -->
        <test-method status="FAIL" signature="intitailizeBrowser()[pri:0, instance:com.atmecs.phptravels.testscripts.InvoicePageTest@48eff760]" name="intitailizeBrowser" is-config="true" duration-ms="2156" started-at="2019-09-20T10:50:41Z" depends-on-methods="com.atmecs.phptravelsautomation.extentreports.ExtentReport.startReport" finished-at="2019-09-20T10:50:43Z">
          <exception class="org.openqa.selenium.WebDriverException">
            <message>
              <![CDATA[unknown error: cannot find Chrome binary
Build info: version: '4.0.0-alpha-2', revision: 'f148142cf8', time: '2019-07-01T20:55:26'
System info: host: 'ATMECSINLT-087', ip: '55.55.52.203', os.name: 'Windows 10', os.arch: 'amd64', os.version: '10.0', java.version: '1.8.0_221'
Driver info: driver.version: ChromeDriver
remote stacktrace: Backtrace:
Ordinal0 [0x00E67C53+1473619]
Ordinal0 [0x00DEAD71+961905]
Ordinal0 [0x00D742B3+475827]
Ordinal0 [0x00D0B77B+46971]
Ordinal0 [0x00D29149+168265]
Ordinal0 [0x00D28D1D+167197]
Ordinal0 [0x00D2742B+160811]
Ordinal0 [0x00D10AE6+68326]
Ordinal0 [0x00D11BF0+72688]
Ordinal0 [0x00D11B89+72585]
Ordinal0 [0x00E04B37+1067831]
GetHandleVerifier [0x00F06845+506677]
GetHandleVerifier [0x00F065E0+506064]
GetHandleVerifier [0x00F0D188+533624]
GetHandleVerifier [0x00F0701A+508682]
Ordinal0 [0x00DFC226+1032742]
Ordinal0 [0x00DFC09F+1032351]
Ordinal0 [0x00E06A4B+1075787]
Ordinal0 [0x00E06BB3+1076147]
Ordinal0 [0x00E05B65+1071973]
BaseThreadInitThunk [0x762060C9+25]
RtlGetAppContainerNamedObjectPath [0x772A7A94+228]
RtlGetAppContainerNamedObjectPath [0x772A7A64+180]
]]>
            </message>
            <full-stacktrace>
              <![CDATA[org.openqa.selenium.WebDriverException: unknown error: cannot find Chrome binary
Build info: version: '4.0.0-alpha-2', revision: 'f148142cf8', time: '2019-07-01T20:55:26'
System info: host: 'ATMECSINLT-087', ip: '55.55.52.203', os.name: 'Windows 10', os.arch: 'amd64', os.version: '10.0', java.version: '1.8.0_221'
Driver info: driver.version: ChromeDriver
remote stacktrace: Backtrace:
Ordinal0 [0x00E67C53+1473619]
Ordinal0 [0x00DEAD71+961905]
Ordinal0 [0x00D742B3+475827]
Ordinal0 [0x00D0B77B+46971]
Ordinal0 [0x00D29149+168265]
Ordinal0 [0x00D28D1D+167197]
Ordinal0 [0x00D2742B+160811]
Ordinal0 [0x00D10AE6+68326]
Ordinal0 [0x00D11BF0+72688]
Ordinal0 [0x00D11B89+72585]
Ordinal0 [0x00E04B37+1067831]
GetHandleVerifier [0x00F06845+506677]
GetHandleVerifier [0x00F065E0+506064]
GetHandleVerifier [0x00F0D188+533624]
GetHandleVerifier [0x00F0701A+508682]
Ordinal0 [0x00DFC226+1032742]
Ordinal0 [0x00DFC09F+1032351]
Ordinal0 [0x00E06A4B+1075787]
Ordinal0 [0x00E06BB3+1076147]
Ordinal0 [0x00E05B65+1071973]
BaseThreadInitThunk [0x762060C9+25]
RtlGetAppContainerNamedObjectPath [0x772A7A94+228]
RtlGetAppContainerNamedObjectPath [0x772A7A64+180]

at sun.reflect.NativeConstructorAccessorImpl.newInstance0(Native Method)
at sun.reflect.NativeConstructorAccessorImpl.newInstance(NativeConstructorAccessorImpl.java:62)
at sun.reflect.DelegatingConstructorAccessorImpl.newInstance(DelegatingConstructorAccessorImpl.java:45)
at java.lang.reflect.Constructor.newInstance(Constructor.java:423)
at org.openqa.selenium.remote.W3CHandshakeResponse.lambda$errorHandler$0(W3CHandshakeResponse.java:62)
at org.openqa.selenium.remote.HandshakeResponse.lambda$getResponseFunction$0(HandshakeResponse.java:30)
at org.openqa.selenium.remote.ProtocolHandshake.lambda$createSession$1(ProtocolHandshake.java:127)
at java.util.stream.ReferencePipeline$3$1.accept(ReferencePipeline.java:193)
at java.util.Spliterators$ArraySpliterator.tryAdvance(Spliterators.java:958)
at java.util.stream.ReferencePipeline.forEachWithCancel(ReferencePipeline.java:126)
at java.util.stream.AbstractPipeline.copyIntoWithCancel(AbstractPipeline.java:499)
at java.util.stream.AbstractPipeline.copyInto(AbstractPipeline.java:486)
at java.util.stream.AbstractPipeline.wrapAndCopyInto(AbstractPipeline.java:472)
at java.util.stream.FindOps$FindOp.evaluateSequential(FindOps.java:152)
at java.util.stream.AbstractPipeline.evaluate(AbstractPipeline.java:234)
at java.util.stream.ReferencePipeline.findFirst(ReferencePipeline.java:464)
at org.openqa.selenium.remote.ProtocolHandshake.createSession(ProtocolHandshake.java:129)
at org.openqa.selenium.remote.ProtocolHandshake.createSession(ProtocolHandshake.java:75)
at org.openqa.selenium.remote.HttpCommandExecutor.execute(HttpCommandExecutor.java:139)
at org.openqa.selenium.remote.service.DriverCommandExecutor.execute(DriverCommandExecutor.java:83)
at org.openqa.selenium.remote.RemoteWebDriver.execute(RemoteWebDriver.java:576)
at org.openqa.selenium.remote.RemoteWebDriver.startSession(RemoteWebDriver.java:210)
at org.openqa.selenium.remote.RemoteWebDriver.<init>(RemoteWebDriver.java:130)
at org.openqa.selenium.chrome.ChromeDriver.<init>(ChromeDriver.java:181)
at org.openqa.selenium.chrome.ChromeDriver.<init>(ChromeDriver.java:168)
at org.openqa.selenium.chrome.ChromeDriver.<init>(ChromeDriver.java:123)
at com.atmecs.phptravelsautomation.testbase.TestBase.intitailizeBrowser(TestBase.java:39)
at sun.reflect.NativeMethodAccessorImpl.invoke0(Native Method)
at sun.reflect.NativeMethodAccessorImpl.invoke(NativeMethodAccessorImpl.java:62)
at sun.reflect.DelegatingMethodAccessorImpl.invoke(DelegatingMethodAccessorImpl.java:43)
at java.lang.reflect.Method.invoke(Method.java:498)
at org.testng.internal.MethodInvocationHelper.invokeMethod(MethodInvocationHelper.java:124)
at org.testng.internal.MethodInvocationHelper.invokeMethodConsideringTimeout(MethodInvocationHelper.java:59)
at org.testng.internal.Invoker.invokeConfigurationMethod(Invoker.java:458)
at org.testng.internal.Invoker.invokeConfigurations(Invoker.java:222)
at org.testng.internal.Invoker.invokeConfigurations(Invoker.java:142)
at org.testng.SuiteRunner.privateRun(SuiteRunner.java:401)
at org.testng.SuiteRunner.run(SuiteRunner.java:364)
at org.testng.SuiteRunnerWorker.runSuite(SuiteRunnerWorker.java:52)
at org.testng.SuiteRunnerWorker.run(SuiteRunnerWorker.java:84)
at org.testng.TestNG.runSuitesSequentially(TestNG.java:1208)
at org.testng.TestNG.runSuitesSequentially(TestNG.java:1204)
at org.testng.TestNG.runSuitesLocally(TestNG.java:1137)
at org.testng.TestNG.runSuites(TestNG.java:1049)
at org.testng.TestNG.run(TestNG.java:1017)
at org.apache.maven.surefire.testng.TestNGExecutor.run(TestNGExecutor.java:283)
at org.apache.maven.surefire.testng.TestNGXmlTestSuite.execute(TestNGXmlTestSuite.java:75)
at org.apache.maven.surefire.testng.TestNGProvider.invoke(TestNGProvider.java:120)
at org.apache.maven.surefire.booter.ForkedBooter.invokeProviderInSameClassLoader(ForkedBooter.java:384)
at org.apache.maven.surefire.booter.ForkedBooter.runSuitesInProcess(ForkedBooter.java:345)
at org.apache.maven.surefire.booter.ForkedBooter.execute(ForkedBooter.java:126)
at org.apache.maven.surefire.booter.ForkedBooter.main(ForkedBooter.java:418)
]]>
            </full-stacktrace>
          </exception> <!-- org.openqa.selenium.WebDriverException -->
          <reporter-output>
          </reporter-output>
        </test-method> <!-- intitailizeBrowser -->
        <test-method status="SKIP" signature="landingPageValidation()[pri:0, instance:com.atmecs.phptravels.testscripts.InvoicePageTest@48eff760]" name="landingPageValidation" duration-ms="0" started-at="2019-09-20T10:50:43Z" finished-at="2019-09-20T10:50:43Z">
          <exception class="org.openqa.selenium.WebDriverException">
            <message>
              <![CDATA[unknown error: cannot find Chrome binary
Build info: version: '4.0.0-alpha-2', revision: 'f148142cf8', time: '2019-07-01T20:55:26'
System info: host: 'ATMECSINLT-087', ip: '55.55.52.203', os.name: 'Windows 10', os.arch: 'amd64', os.version: '10.0', java.version: '1.8.0_221'
Driver info: driver.version: ChromeDriver
remote stacktrace: Backtrace:
Ordinal0 [0x00E67C53+1473619]
Ordinal0 [0x00DEAD71+961905]
Ordinal0 [0x00D742B3+475827]
Ordinal0 [0x00D0B77B+46971]
Ordinal0 [0x00D29149+168265]
Ordinal0 [0x00D28D1D+167197]
Ordinal0 [0x00D2742B+160811]
Ordinal0 [0x00D10AE6+68326]
Ordinal0 [0x00D11BF0+72688]
Ordinal0 [0x00D11B89+72585]
Ordinal0 [0x00E04B37+1067831]
GetHandleVerifier [0x00F06845+506677]
GetHandleVerifier [0x00F065E0+506064]
GetHandleVerifier [0x00F0D188+533624]
GetHandleVerifier [0x00F0701A+508682]
Ordinal0 [0x00DFC226+1032742]
Ordinal0 [0x00DFC09F+1032351]
Ordinal0 [0x00E06A4B+1075787]
Ordinal0 [0x00E06BB3+1076147]
Ordinal0 [0x00E05B65+1071973]
BaseThreadInitThunk [0x762060C9+25]
RtlGetAppContainerNamedObjectPath [0x772A7A94+228]
RtlGetAppContainerNamedObjectPath [0x772A7A64+180]
]]>
            </message>
            <full-stacktrace>
              <![CDATA[org.openqa.selenium.WebDriverException: unknown error: cannot find Chrome binary
Build info: version: '4.0.0-alpha-2', revision: 'f148142cf8', time: '2019-07-01T20:55:26'
System info: host: 'ATMECSINLT-087', ip: '55.55.52.203', os.name: 'Windows 10', os.arch: 'amd64', os.version: '10.0', java.version: '1.8.0_221'
Driver info: driver.version: ChromeDriver
remote stacktrace: Backtrace:
Ordinal0 [0x00E67C53+1473619]
Ordinal0 [0x00DEAD71+961905]
Ordinal0 [0x00D742B3+475827]
Ordinal0 [0x00D0B77B+46971]
Ordinal0 [0x00D29149+168265]
Ordinal0 [0x00D28D1D+167197]
Ordinal0 [0x00D2742B+160811]
Ordinal0 [0x00D10AE6+68326]
Ordinal0 [0x00D11BF0+72688]
Ordinal0 [0x00D11B89+72585]
Ordinal0 [0x00E04B37+1067831]
GetHandleVerifier [0x00F06845+506677]
GetHandleVerifier [0x00F065E0+506064]
GetHandleVerifier [0x00F0D188+533624]
GetHandleVerifier [0x00F0701A+508682]
Ordinal0 [0x00DFC226+1032742]
Ordinal0 [0x00DFC09F+1032351]
Ordinal0 [0x00E06A4B+1075787]
Ordinal0 [0x00E06BB3+1076147]
Ordinal0 [0x00E05B65+1071973]
BaseThreadInitThunk [0x762060C9+25]
RtlGetAppContainerNamedObjectPath [0x772A7A94+228]
RtlGetAppContainerNamedObjectPath [0x772A7A64+180]

at sun.reflect.NativeConstructorAccessorImpl.newInstance0(Native Method)
at sun.reflect.NativeConstructorAccessorImpl.newInstance(NativeConstructorAccessorImpl.java:62)
at sun.reflect.DelegatingConstructorAccessorImpl.newInstance(DelegatingConstructorAccessorImpl.java:45)
at java.lang.reflect.Constructor.newInstance(Constructor.java:423)
at org.openqa.selenium.remote.W3CHandshakeResponse.lambda$errorHandler$0(W3CHandshakeResponse.java:62)
at org.openqa.selenium.remote.HandshakeResponse.lambda$getResponseFunction$0(HandshakeResponse.java:30)
at org.openqa.selenium.remote.ProtocolHandshake.lambda$createSession$1(ProtocolHandshake.java:127)
at java.util.stream.ReferencePipeline$3$1.accept(ReferencePipeline.java:193)
at java.util.Spliterators$ArraySpliterator.tryAdvance(Spliterators.java:958)
at java.util.stream.ReferencePipeline.forEachWithCancel(ReferencePipeline.java:126)
at java.util.stream.AbstractPipeline.copyIntoWithCancel(AbstractPipeline.java:499)
at java.util.stream.AbstractPipeline.copyInto(AbstractPipeline.java:486)
at java.util.stream.AbstractPipeline.wrapAndCopyInto(AbstractPipeline.java:472)
at java.util.stream.FindOps$FindOp.evaluateSequential(FindOps.java:152)
at java.util.stream.AbstractPipeline.evaluate(AbstractPipeline.java:234)
at java.util.stream.ReferencePipeline.findFirst(ReferencePipeline.java:464)
at org.openqa.selenium.remote.ProtocolHandshake.createSession(ProtocolHandshake.java:129)
at org.openqa.selenium.remote.ProtocolHandshake.createSession(ProtocolHandshake.java:75)
at org.openqa.selenium.remote.HttpCommandExecutor.execute(HttpCommandExecutor.java:139)
at org.openqa.selenium.remote.service.DriverCommandExecutor.execute(DriverCommandExecutor.java:83)
at org.openqa.selenium.remote.RemoteWebDriver.execute(RemoteWebDriver.java:576)
at org.openqa.selenium.remote.RemoteWebDriver.startSession(RemoteWebDriver.java:210)
at org.openqa.selenium.remote.RemoteWebDriver.<init>(RemoteWebDriver.java:130)
at org.openqa.selenium.chrome.ChromeDriver.<init>(ChromeDriver.java:181)
at org.openqa.selenium.chrome.ChromeDriver.<init>(ChromeDriver.java:168)
at org.openqa.selenium.chrome.ChromeDriver.<init>(ChromeDriver.java:123)
at com.atmecs.phptravelsautomation.testbase.TestBase.intitailizeBrowser(TestBase.java:39)
at sun.reflect.NativeMethodAccessorImpl.invoke0(Native Method)
at sun.reflect.NativeMethodAccessorImpl.invoke(NativeMethodAccessorImpl.java:62)
at sun.reflect.DelegatingMethodAccessorImpl.invoke(DelegatingMethodAccessorImpl.java:43)
at java.lang.reflect.Method.invoke(Method.java:498)
at org.testng.internal.MethodInvocationHelper.invokeMethod(MethodInvocationHelper.java:124)
at org.testng.internal.MethodInvocationHelper.invokeMethodConsideringTimeout(MethodInvocationHelper.java:59)
at org.testng.internal.Invoker.invokeConfigurationMethod(Invoker.java:458)
at org.testng.internal.Invoker.invokeConfigurations(Invoker.java:222)
at org.testng.internal.Invoker.invokeConfigurations(Invoker.java:142)
at org.testng.SuiteRunner.privateRun(SuiteRunner.java:401)
at org.testng.SuiteRunner.run(SuiteRunner.java:364)
at org.testng.SuiteRunnerWorker.runSuite(SuiteRunnerWorker.java:52)
at org.testng.SuiteRunnerWorker.run(SuiteRunnerWorker.java:84)
at org.testng.TestNG.runSuitesSequentially(TestNG.java:1208)
at org.testng.TestNG.runSuitesSequentially(TestNG.java:1204)
at org.testng.TestNG.runSuitesLocally(TestNG.java:1137)
at org.testng.TestNG.runSuites(TestNG.java:1049)
at org.testng.TestNG.run(TestNG.java:1017)
at org.apache.maven.surefire.testng.TestNGExecutor.run(TestNGExecutor.java:283)
at org.apache.maven.surefire.testng.TestNGXmlTestSuite.execute(TestNGXmlTestSuite.java:75)
at org.apache.maven.surefire.testng.TestNGProvider.invoke(TestNGProvider.java:120)
at org.apache.maven.surefire.booter.ForkedBooter.invokeProviderInSameClassLoader(ForkedBooter.java:384)
at org.apache.maven.surefire.booter.ForkedBooter.runSuitesInProcess(ForkedBooter.java:345)
at org.apache.maven.surefire.booter.ForkedBooter.execute(ForkedBooter.java:126)
at org.apache.maven.surefire.booter.ForkedBooter.main(ForkedBooter.java:418)
]]>
            </full-stacktrace>
          </exception> <!-- org.openqa.selenium.WebDriverException -->
          <reporter-output>
          </reporter-output>
        </test-method> <!-- landingPageValidation -->
        <test-method status="SKIP" signature="tearDown(org.testng.ITestResult)[pri:0, instance:com.atmecs.phptravels.testscripts.InvoicePageTest@48eff760]" name="tearDown" is-config="true" duration-ms="0" started-at="2019-09-20T10:50:43Z" finished-at="2019-09-20T10:50:43Z">
          <reporter-output>
          </reporter-output>
        </test-method> <!-- tearDown -->
        <test-method status="SKIP" signature="tearDown(org.testng.ITestResult)[pri:0, instance:com.atmecs.phptravels.testscripts.InvoicePageTest@48eff760]" name="tearDown" is-config="true" duration-ms="0" started-at="2019-09-20T10:50:43Z" finished-at="2019-09-20T10:50:43Z">
          <reporter-output>
          </reporter-output>
        </test-method> <!-- tearDown -->
        <test-method status="SKIP" signature="tearDown(org.testng.ITestResult)[pri:0, instance:com.atmecs.phptravels.testscripts.InvoicePageTest@48eff760]" name="tearDown" is-config="true" duration-ms="0" started-at="2019-09-20T10:50:43Z" finished-at="2019-09-20T10:50:43Z">
          <reporter-output>
          </reporter-output>
        </test-method> <!-- tearDown -->
        <test-method status="SKIP" signature="cityInputValidation()[pri:2, instance:com.atmecs.phptravels.testscripts.InvoicePageTest@48eff760]" name="cityInputValidation" duration-ms="0" started-at="2019-09-20T10:50:43Z" finished-at="2019-09-20T10:50:43Z">
          <exception class="org.openqa.selenium.WebDriverException">
            <message>
              <![CDATA[unknown error: cannot find Chrome binary
Build info: version: '4.0.0-alpha-2', revision: 'f148142cf8', time: '2019-07-01T20:55:26'
System info: host: 'ATMECSINLT-087', ip: '55.55.52.203', os.name: 'Windows 10', os.arch: 'amd64', os.version: '10.0', java.version: '1.8.0_221'
Driver info: driver.version: ChromeDriver
remote stacktrace: Backtrace:
Ordinal0 [0x00E67C53+1473619]
Ordinal0 [0x00DEAD71+961905]
Ordinal0 [0x00D742B3+475827]
Ordinal0 [0x00D0B77B+46971]
Ordinal0 [0x00D29149+168265]
Ordinal0 [0x00D28D1D+167197]
Ordinal0 [0x00D2742B+160811]
Ordinal0 [0x00D10AE6+68326]
Ordinal0 [0x00D11BF0+72688]
Ordinal0 [0x00D11B89+72585]
Ordinal0 [0x00E04B37+1067831]
GetHandleVerifier [0x00F06845+506677]
GetHandleVerifier [0x00F065E0+506064]
GetHandleVerifier [0x00F0D188+533624]
GetHandleVerifier [0x00F0701A+508682]
Ordinal0 [0x00DFC226+1032742]
Ordinal0 [0x00DFC09F+1032351]
Ordinal0 [0x00E06A4B+1075787]
Ordinal0 [0x00E06BB3+1076147]
Ordinal0 [0x00E05B65+1071973]
BaseThreadInitThunk [0x762060C9+25]
RtlGetAppContainerNamedObjectPath [0x772A7A94+228]
RtlGetAppContainerNamedObjectPath [0x772A7A64+180]
]]>
            </message>
            <full-stacktrace>
              <![CDATA[org.openqa.selenium.WebDriverException: unknown error: cannot find Chrome binary
Build info: version: '4.0.0-alpha-2', revision: 'f148142cf8', time: '2019-07-01T20:55:26'
System info: host: 'ATMECSINLT-087', ip: '55.55.52.203', os.name: 'Windows 10', os.arch: 'amd64', os.version: '10.0', java.version: '1.8.0_221'
Driver info: driver.version: ChromeDriver
remote stacktrace: Backtrace:
Ordinal0 [0x00E67C53+1473619]
Ordinal0 [0x00DEAD71+961905]
Ordinal0 [0x00D742B3+475827]
Ordinal0 [0x00D0B77B+46971]
Ordinal0 [0x00D29149+168265]
Ordinal0 [0x00D28D1D+167197]
Ordinal0 [0x00D2742B+160811]
Ordinal0 [0x00D10AE6+68326]
Ordinal0 [0x00D11BF0+72688]
Ordinal0 [0x00D11B89+72585]
Ordinal0 [0x00E04B37+1067831]
GetHandleVerifier [0x00F06845+506677]
GetHandleVerifier [0x00F065E0+506064]
GetHandleVerifier [0x00F0D188+533624]
GetHandleVerifier [0x00F0701A+508682]
Ordinal0 [0x00DFC226+1032742]
Ordinal0 [0x00DFC09F+1032351]
Ordinal0 [0x00E06A4B+1075787]
Ordinal0 [0x00E06BB3+1076147]
Ordinal0 [0x00E05B65+1071973]
BaseThreadInitThunk [0x762060C9+25]
RtlGetAppContainerNamedObjectPath [0x772A7A94+228]
RtlGetAppContainerNamedObjectPath [0x772A7A64+180]

at sun.reflect.NativeConstructorAccessorImpl.newInstance0(Native Method)
at sun.reflect.NativeConstructorAccessorImpl.newInstance(NativeConstructorAccessorImpl.java:62)
at sun.reflect.DelegatingConstructorAccessorImpl.newInstance(DelegatingConstructorAccessorImpl.java:45)
at java.lang.reflect.Constructor.newInstance(Constructor.java:423)
at org.openqa.selenium.remote.W3CHandshakeResponse.lambda$errorHandler$0(W3CHandshakeResponse.java:62)
at org.openqa.selenium.remote.HandshakeResponse.lambda$getResponseFunction$0(HandshakeResponse.java:30)
at org.openqa.selenium.remote.ProtocolHandshake.lambda$createSession$1(ProtocolHandshake.java:127)
at java.util.stream.ReferencePipeline$3$1.accept(ReferencePipeline.java:193)
at java.util.Spliterators$ArraySpliterator.tryAdvance(Spliterators.java:958)
at java.util.stream.ReferencePipeline.forEachWithCancel(ReferencePipeline.java:126)
at java.util.stream.AbstractPipeline.copyIntoWithCancel(AbstractPipeline.java:499)
at java.util.stream.AbstractPipeline.copyInto(AbstractPipeline.java:486)
at java.util.stream.AbstractPipeline.wrapAndCopyInto(AbstractPipeline.java:472)
at java.util.stream.FindOps$FindOp.evaluateSequential(FindOps.java:152)
at java.util.stream.AbstractPipeline.evaluate(AbstractPipeline.java:234)
at java.util.stream.ReferencePipeline.findFirst(ReferencePipeline.java:464)
at org.openqa.selenium.remote.ProtocolHandshake.createSession(ProtocolHandshake.java:129)
at org.openqa.selenium.remote.ProtocolHandshake.createSession(ProtocolHandshake.java:75)
at org.openqa.selenium.remote.HttpCommandExecutor.execute(HttpCommandExecutor.java:139)
at org.openqa.selenium.remote.service.DriverCommandExecutor.execute(DriverCommandExecutor.java:83)
at org.openqa.selenium.remote.RemoteWebDriver.execute(RemoteWebDriver.java:576)
at org.openqa.selenium.remote.RemoteWebDriver.startSession(RemoteWebDriver.java:210)
at org.openqa.selenium.remote.RemoteWebDriver.<init>(RemoteWebDriver.java:130)
at org.openqa.selenium.chrome.ChromeDriver.<init>(ChromeDriver.java:181)
at org.openqa.selenium.chrome.ChromeDriver.<init>(ChromeDriver.java:168)
at org.openqa.selenium.chrome.ChromeDriver.<init>(ChromeDriver.java:123)
at com.atmecs.phptravelsautomation.testbase.TestBase.intitailizeBrowser(TestBase.java:39)
at sun.reflect.NativeMethodAccessorImpl.invoke0(Native Method)
at sun.reflect.NativeMethodAccessorImpl.invoke(NativeMethodAccessorImpl.java:62)
at sun.reflect.DelegatingMethodAccessorImpl.invoke(DelegatingMethodAccessorImpl.java:43)
at java.lang.reflect.Method.invoke(Method.java:498)
at org.testng.internal.MethodInvocationHelper.invokeMethod(MethodInvocationHelper.java:124)
at org.testng.internal.MethodInvocationHelper.invokeMethodConsideringTimeout(MethodInvocationHelper.java:59)
at org.testng.internal.Invoker.invokeConfigurationMethod(Invoker.java:458)
at org.testng.internal.Invoker.invokeConfigurations(Invoker.java:222)
at org.testng.internal.Invoker.invokeConfigurations(Invoker.java:142)
at org.testng.SuiteRunner.privateRun(SuiteRunner.java:401)
at org.testng.SuiteRunner.run(SuiteRunner.java:364)
at org.testng.SuiteRunnerWorker.runSuite(SuiteRunnerWorker.java:52)
at org.testng.SuiteRunnerWorker.run(SuiteRunnerWorker.java:84)
at org.testng.TestNG.runSuitesSequentially(TestNG.java:1208)
at org.testng.TestNG.runSuitesSequentially(TestNG.java:1204)
at org.testng.TestNG.runSuitesLocally(TestNG.java:1137)
at org.testng.TestNG.runSuites(TestNG.java:1049)
at org.testng.TestNG.run(TestNG.java:1017)
at org.apache.maven.surefire.testng.TestNGExecutor.run(TestNGExecutor.java:283)
at org.apache.maven.surefire.testng.TestNGXmlTestSuite.execute(TestNGXmlTestSuite.java:75)
at org.apache.maven.surefire.testng.TestNGProvider.invoke(TestNGProvider.java:120)
at org.apache.maven.surefire.booter.ForkedBooter.invokeProviderInSameClassLoader(ForkedBooter.java:384)
at org.apache.maven.surefire.booter.ForkedBooter.runSuitesInProcess(ForkedBooter.java:345)
at org.apache.maven.surefire.booter.ForkedBooter.execute(ForkedBooter.java:126)
at org.apache.maven.surefire.booter.ForkedBooter.main(ForkedBooter.java:418)
]]>
            </full-stacktrace>
          </exception> <!-- org.openqa.selenium.WebDriverException -->
          <reporter-output>
          </reporter-output>
        </test-method> <!-- cityInputValidation -->
        <test-method status="SKIP" signature="invalidCheckinDate()[pri:1, instance:com.atmecs.phptravels.testscripts.InvoicePageTest@48eff760]" name="invalidCheckinDate" duration-ms="0" started-at="2019-09-20T10:50:43Z" finished-at="2019-09-20T10:50:43Z">
          <exception class="org.openqa.selenium.WebDriverException">
            <message>
              <![CDATA[unknown error: cannot find Chrome binary
Build info: version: '4.0.0-alpha-2', revision: 'f148142cf8', time: '2019-07-01T20:55:26'
System info: host: 'ATMECSINLT-087', ip: '55.55.52.203', os.name: 'Windows 10', os.arch: 'amd64', os.version: '10.0', java.version: '1.8.0_221'
Driver info: driver.version: ChromeDriver
remote stacktrace: Backtrace:
Ordinal0 [0x00E67C53+1473619]
Ordinal0 [0x00DEAD71+961905]
Ordinal0 [0x00D742B3+475827]
Ordinal0 [0x00D0B77B+46971]
Ordinal0 [0x00D29149+168265]
Ordinal0 [0x00D28D1D+167197]
Ordinal0 [0x00D2742B+160811]
Ordinal0 [0x00D10AE6+68326]
Ordinal0 [0x00D11BF0+72688]
Ordinal0 [0x00D11B89+72585]
Ordinal0 [0x00E04B37+1067831]
GetHandleVerifier [0x00F06845+506677]
GetHandleVerifier [0x00F065E0+506064]
GetHandleVerifier [0x00F0D188+533624]
GetHandleVerifier [0x00F0701A+508682]
Ordinal0 [0x00DFC226+1032742]
Ordinal0 [0x00DFC09F+1032351]
Ordinal0 [0x00E06A4B+1075787]
Ordinal0 [0x00E06BB3+1076147]
Ordinal0 [0x00E05B65+1071973]
BaseThreadInitThunk [0x762060C9+25]
RtlGetAppContainerNamedObjectPath [0x772A7A94+228]
RtlGetAppContainerNamedObjectPath [0x772A7A64+180]
]]>
            </message>
            <full-stacktrace>
              <![CDATA[org.openqa.selenium.WebDriverException: unknown error: cannot find Chrome binary
Build info: version: '4.0.0-alpha-2', revision: 'f148142cf8', time: '2019-07-01T20:55:26'
System info: host: 'ATMECSINLT-087', ip: '55.55.52.203', os.name: 'Windows 10', os.arch: 'amd64', os.version: '10.0', java.version: '1.8.0_221'
Driver info: driver.version: ChromeDriver
remote stacktrace: Backtrace:
Ordinal0 [0x00E67C53+1473619]
Ordinal0 [0x00DEAD71+961905]
Ordinal0 [0x00D742B3+475827]
Ordinal0 [0x00D0B77B+46971]
Ordinal0 [0x00D29149+168265]
Ordinal0 [0x00D28D1D+167197]
Ordinal0 [0x00D2742B+160811]
Ordinal0 [0x00D10AE6+68326]
Ordinal0 [0x00D11BF0+72688]
Ordinal0 [0x00D11B89+72585]
Ordinal0 [0x00E04B37+1067831]
GetHandleVerifier [0x00F06845+506677]
GetHandleVerifier [0x00F065E0+506064]
GetHandleVerifier [0x00F0D188+533624]
GetHandleVerifier [0x00F0701A+508682]
Ordinal0 [0x00DFC226+1032742]
Ordinal0 [0x00DFC09F+1032351]
Ordinal0 [0x00E06A4B+1075787]
Ordinal0 [0x00E06BB3+1076147]
Ordinal0 [0x00E05B65+1071973]
BaseThreadInitThunk [0x762060C9+25]
RtlGetAppContainerNamedObjectPath [0x772A7A94+228]
RtlGetAppContainerNamedObjectPath [0x772A7A64+180]

at sun.reflect.NativeConstructorAccessorImpl.newInstance0(Native Method)
at sun.reflect.NativeConstructorAccessorImpl.newInstance(NativeConstructorAccessorImpl.java:62)
at sun.reflect.DelegatingConstructorAccessorImpl.newInstance(DelegatingConstructorAccessorImpl.java:45)
at java.lang.reflect.Constructor.newInstance(Constructor.java:423)
at org.openqa.selenium.remote.W3CHandshakeResponse.lambda$errorHandler$0(W3CHandshakeResponse.java:62)
at org.openqa.selenium.remote.HandshakeResponse.lambda$getResponseFunction$0(HandshakeResponse.java:30)
at org.openqa.selenium.remote.ProtocolHandshake.lambda$createSession$1(ProtocolHandshake.java:127)
at java.util.stream.ReferencePipeline$3$1.accept(ReferencePipeline.java:193)
at java.util.Spliterators$ArraySpliterator.tryAdvance(Spliterators.java:958)
at java.util.stream.ReferencePipeline.forEachWithCancel(ReferencePipeline.java:126)
at java.util.stream.AbstractPipeline.copyIntoWithCancel(AbstractPipeline.java:499)
at java.util.stream.AbstractPipeline.copyInto(AbstractPipeline.java:486)
at java.util.stream.AbstractPipeline.wrapAndCopyInto(AbstractPipeline.java:472)
at java.util.stream.FindOps$FindOp.evaluateSequential(FindOps.java:152)
at java.util.stream.AbstractPipeline.evaluate(AbstractPipeline.java:234)
at java.util.stream.ReferencePipeline.findFirst(ReferencePipeline.java:464)
at org.openqa.selenium.remote.ProtocolHandshake.createSession(ProtocolHandshake.java:129)
at org.openqa.selenium.remote.ProtocolHandshake.createSession(ProtocolHandshake.java:75)
at org.openqa.selenium.remote.HttpCommandExecutor.execute(HttpCommandExecutor.java:139)
at org.openqa.selenium.remote.service.DriverCommandExecutor.execute(DriverCommandExecutor.java:83)
at org.openqa.selenium.remote.RemoteWebDriver.execute(RemoteWebDriver.java:576)
at org.openqa.selenium.remote.RemoteWebDriver.startSession(RemoteWebDriver.java:210)
at org.openqa.selenium.remote.RemoteWebDriver.<init>(RemoteWebDriver.java:130)
at org.openqa.selenium.chrome.ChromeDriver.<init>(ChromeDriver.java:181)
at org.openqa.selenium.chrome.ChromeDriver.<init>(ChromeDriver.java:168)
at org.openqa.selenium.chrome.ChromeDriver.<init>(ChromeDriver.java:123)
at com.atmecs.phptravelsautomation.testbase.TestBase.intitailizeBrowser(TestBase.java:39)
at sun.reflect.NativeMethodAccessorImpl.invoke0(Native Method)
at sun.reflect.NativeMethodAccessorImpl.invoke(NativeMethodAccessorImpl.java:62)
at sun.reflect.DelegatingMethodAccessorImpl.invoke(DelegatingMethodAccessorImpl.java:43)
at java.lang.reflect.Method.invoke(Method.java:498)
at org.testng.internal.MethodInvocationHelper.invokeMethod(MethodInvocationHelper.java:124)
at org.testng.internal.MethodInvocationHelper.invokeMethodConsideringTimeout(MethodInvocationHelper.java:59)
at org.testng.internal.Invoker.invokeConfigurationMethod(Invoker.java:458)
at org.testng.internal.Invoker.invokeConfigurations(Invoker.java:222)
at org.testng.internal.Invoker.invokeConfigurations(Invoker.java:142)
at org.testng.SuiteRunner.privateRun(SuiteRunner.java:401)
at org.testng.SuiteRunner.run(SuiteRunner.java:364)
at org.testng.SuiteRunnerWorker.runSuite(SuiteRunnerWorker.java:52)
at org.testng.SuiteRunnerWorker.run(SuiteRunnerWorker.java:84)
at org.testng.TestNG.runSuitesSequentially(TestNG.java:1208)
at org.testng.TestNG.runSuitesSequentially(TestNG.java:1204)
at org.testng.TestNG.runSuitesLocally(TestNG.java:1137)
at org.testng.TestNG.runSuites(TestNG.java:1049)
at org.testng.TestNG.run(TestNG.java:1017)
at org.apache.maven.surefire.testng.TestNGExecutor.run(TestNGExecutor.java:283)
at org.apache.maven.surefire.testng.TestNGXmlTestSuite.execute(TestNGXmlTestSuite.java:75)
at org.apache.maven.surefire.testng.TestNGProvider.invoke(TestNGProvider.java:120)
at org.apache.maven.surefire.booter.ForkedBooter.invokeProviderInSameClassLoader(ForkedBooter.java:384)
at org.apache.maven.surefire.booter.ForkedBooter.runSuitesInProcess(ForkedBooter.java:345)
at org.apache.maven.surefire.booter.ForkedBooter.execute(ForkedBooter.java:126)
at org.apache.maven.surefire.booter.ForkedBooter.main(ForkedBooter.java:418)
]]>
            </full-stacktrace>
          </exception> <!-- org.openqa.selenium.WebDriverException -->
          <reporter-output>
          </reporter-output>
        </test-method> <!-- invalidCheckinDate -->
        <test-method status="SKIP" signature="tourSearch(java.lang.String, java.lang.String)[pri:2, instance:com.atmecs.phptravels.testscripts.InvoicePageTest@48eff760]" name="tourSearch" duration-ms="0" started-at="2019-09-20T10:50:45Z" data-provider="home_page_data" finished-at="2019-09-20T10:50:45Z">
          <exception class="org.openqa.selenium.WebDriverException">
            <message>
              <![CDATA[unknown error: cannot find Chrome binary
Build info: version: '4.0.0-alpha-2', revision: 'f148142cf8', time: '2019-07-01T20:55:26'
System info: host: 'ATMECSINLT-087', ip: '55.55.52.203', os.name: 'Windows 10', os.arch: 'amd64', os.version: '10.0', java.version: '1.8.0_221'
Driver info: driver.version: ChromeDriver
remote stacktrace: Backtrace:
Ordinal0 [0x00E67C53+1473619]
Ordinal0 [0x00DEAD71+961905]
Ordinal0 [0x00D742B3+475827]
Ordinal0 [0x00D0B77B+46971]
Ordinal0 [0x00D29149+168265]
Ordinal0 [0x00D28D1D+167197]
Ordinal0 [0x00D2742B+160811]
Ordinal0 [0x00D10AE6+68326]
Ordinal0 [0x00D11BF0+72688]
Ordinal0 [0x00D11B89+72585]
Ordinal0 [0x00E04B37+1067831]
GetHandleVerifier [0x00F06845+506677]
GetHandleVerifier [0x00F065E0+506064]
GetHandleVerifier [0x00F0D188+533624]
GetHandleVerifier [0x00F0701A+508682]
Ordinal0 [0x00DFC226+1032742]
Ordinal0 [0x00DFC09F+1032351]
Ordinal0 [0x00E06A4B+1075787]
Ordinal0 [0x00E06BB3+1076147]
Ordinal0 [0x00E05B65+1071973]
BaseThreadInitThunk [0x762060C9+25]
RtlGetAppContainerNamedObjectPath [0x772A7A94+228]
RtlGetAppContainerNamedObjectPath [0x772A7A64+180]
]]>
            </message>
            <full-stacktrace>
              <![CDATA[org.openqa.selenium.WebDriverException: unknown error: cannot find Chrome binary
Build info: version: '4.0.0-alpha-2', revision: 'f148142cf8', time: '2019-07-01T20:55:26'
System info: host: 'ATMECSINLT-087', ip: '55.55.52.203', os.name: 'Windows 10', os.arch: 'amd64', os.version: '10.0', java.version: '1.8.0_221'
Driver info: driver.version: ChromeDriver
remote stacktrace: Backtrace:
Ordinal0 [0x00E67C53+1473619]
Ordinal0 [0x00DEAD71+961905]
Ordinal0 [0x00D742B3+475827]
Ordinal0 [0x00D0B77B+46971]
Ordinal0 [0x00D29149+168265]
Ordinal0 [0x00D28D1D+167197]
Ordinal0 [0x00D2742B+160811]
Ordinal0 [0x00D10AE6+68326]
Ordinal0 [0x00D11BF0+72688]
Ordinal0 [0x00D11B89+72585]
Ordinal0 [0x00E04B37+1067831]
GetHandleVerifier [0x00F06845+506677]
GetHandleVerifier [0x00F065E0+506064]
GetHandleVerifier [0x00F0D188+533624]
GetHandleVerifier [0x00F0701A+508682]
Ordinal0 [0x00DFC226+1032742]
Ordinal0 [0x00DFC09F+1032351]
Ordinal0 [0x00E06A4B+1075787]
Ordinal0 [0x00E06BB3+1076147]
Ordinal0 [0x00E05B65+1071973]
BaseThreadInitThunk [0x762060C9+25]
RtlGetAppContainerNamedObjectPath [0x772A7A94+228]
RtlGetAppContainerNamedObjectPath [0x772A7A64+180]

at sun.reflect.NativeConstructorAccessorImpl.newInstance0(Native Method)
at sun.reflect.NativeConstructorAccessorImpl.newInstance(NativeConstructorAccessorImpl.java:62)
at sun.reflect.DelegatingConstructorAccessorImpl.newInstance(DelegatingConstructorAccessorImpl.java:45)
at java.lang.reflect.Constructor.newInstance(Constructor.java:423)
at org.openqa.selenium.remote.W3CHandshakeResponse.lambda$errorHandler$0(W3CHandshakeResponse.java:62)
at org.openqa.selenium.remote.HandshakeResponse.lambda$getResponseFunction$0(HandshakeResponse.java:30)
at org.openqa.selenium.remote.ProtocolHandshake.lambda$createSession$1(ProtocolHandshake.java:127)
at java.util.stream.ReferencePipeline$3$1.accept(ReferencePipeline.java:193)
at java.util.Spliterators$ArraySpliterator.tryAdvance(Spliterators.java:958)
at java.util.stream.ReferencePipeline.forEachWithCancel(ReferencePipeline.java:126)
at java.util.stream.AbstractPipeline.copyIntoWithCancel(AbstractPipeline.java:499)
at java.util.stream.AbstractPipeline.copyInto(AbstractPipeline.java:486)
at java.util.stream.AbstractPipeline.wrapAndCopyInto(AbstractPipeline.java:472)
at java.util.stream.FindOps$FindOp.evaluateSequential(FindOps.java:152)
at java.util.stream.AbstractPipeline.evaluate(AbstractPipeline.java:234)
at java.util.stream.ReferencePipeline.findFirst(ReferencePipeline.java:464)
at org.openqa.selenium.remote.ProtocolHandshake.createSession(ProtocolHandshake.java:129)
at org.openqa.selenium.remote.ProtocolHandshake.createSession(ProtocolHandshake.java:75)
at org.openqa.selenium.remote.HttpCommandExecutor.execute(HttpCommandExecutor.java:139)
at org.openqa.selenium.remote.service.DriverCommandExecutor.execute(DriverCommandExecutor.java:83)
at org.openqa.selenium.remote.RemoteWebDriver.execute(RemoteWebDriver.java:576)
at org.openqa.selenium.remote.RemoteWebDriver.startSession(RemoteWebDriver.java:210)
at org.openqa.selenium.remote.RemoteWebDriver.<init>(RemoteWebDriver.java:130)
at org.openqa.selenium.chrome.ChromeDriver.<init>(ChromeDriver.java:181)
at org.openqa.selenium.chrome.ChromeDriver.<init>(ChromeDriver.java:168)
at org.openqa.selenium.chrome.ChromeDriver.<init>(ChromeDriver.java:123)
at com.atmecs.phptravelsautomation.testbase.TestBase.intitailizeBrowser(TestBase.java:39)
at sun.reflect.NativeMethodAccessorImpl.invoke0(Native Method)
at sun.reflect.NativeMethodAccessorImpl.invoke(NativeMethodAccessorImpl.java:62)
at sun.reflect.DelegatingMethodAccessorImpl.invoke(DelegatingMethodAccessorImpl.java:43)
at java.lang.reflect.Method.invoke(Method.java:498)
at org.testng.internal.MethodInvocationHelper.invokeMethod(MethodInvocationHelper.java:124)
at org.testng.internal.MethodInvocationHelper.invokeMethodConsideringTimeout(MethodInvocationHelper.java:59)
at org.testng.internal.Invoker.invokeConfigurationMethod(Invoker.java:458)
at org.testng.internal.Invoker.invokeConfigurations(Invoker.java:222)
at org.testng.internal.Invoker.invokeConfigurations(Invoker.java:142)
at org.testng.SuiteRunner.privateRun(SuiteRunner.java:401)
at org.testng.SuiteRunner.run(SuiteRunner.java:364)
at org.testng.SuiteRunnerWorker.runSuite(SuiteRunnerWorker.java:52)
at org.testng.SuiteRunnerWorker.run(SuiteRunnerWorker.java:84)
at org.testng.TestNG.runSuitesSequentially(TestNG.java:1208)
at org.testng.TestNG.runSuitesSequentially(TestNG.java:1204)
at org.testng.TestNG.runSuitesLocally(TestNG.java:1137)
at org.testng.TestNG.runSuites(TestNG.java:1049)
at org.testng.TestNG.run(TestNG.java:1017)
at org.apache.maven.surefire.testng.TestNGExecutor.run(TestNGExecutor.java:283)
at org.apache.maven.surefire.testng.TestNGXmlTestSuite.execute(TestNGXmlTestSuite.java:75)
at org.apache.maven.surefire.testng.TestNGProvider.invoke(TestNGProvider.java:120)
at org.apache.maven.surefire.booter.ForkedBooter.invokeProviderInSameClassLoader(ForkedBooter.java:384)
at org.apache.maven.surefire.booter.ForkedBooter.runSuitesInProcess(ForkedBooter.java:345)
at org.apache.maven.surefire.booter.ForkedBooter.execute(ForkedBooter.java:126)
at org.apache.maven.surefire.booter.ForkedBooter.main(ForkedBooter.java:418)
]]>
            </full-stacktrace>
          </exception> <!-- org.openqa.selenium.WebDriverException -->
          <reporter-output>
          </reporter-output>
        </test-method> <!-- tourSearch -->
        <test-method status="SKIP" signature="tearDown(org.testng.ITestResult)[pri:0, instance:com.atmecs.phptravels.testscripts.InvoicePageTest@48eff760]" name="tearDown" is-config="true" duration-ms="0" started-at="2019-09-20T10:50:45Z" finished-at="2019-09-20T10:50:45Z">
          <reporter-output>
          </reporter-output>
        </test-method> <!-- tearDown -->
        <test-method status="SKIP" signature="BookingOption()[pri:3, instance:com.atmecs.phptravels.testscripts.InvoicePageTest@48eff760]" name="BookingOption" duration-ms="0" started-at="2019-09-20T10:50:45Z" finished-at="2019-09-20T10:50:45Z">
          <exception class="org.openqa.selenium.WebDriverException">
            <message>
              <![CDATA[unknown error: cannot find Chrome binary
Build info: version: '4.0.0-alpha-2', revision: 'f148142cf8', time: '2019-07-01T20:55:26'
System info: host: 'ATMECSINLT-087', ip: '55.55.52.203', os.name: 'Windows 10', os.arch: 'amd64', os.version: '10.0', java.version: '1.8.0_221'
Driver info: driver.version: ChromeDriver
remote stacktrace: Backtrace:
Ordinal0 [0x00E67C53+1473619]
Ordinal0 [0x00DEAD71+961905]
Ordinal0 [0x00D742B3+475827]
Ordinal0 [0x00D0B77B+46971]
Ordinal0 [0x00D29149+168265]
Ordinal0 [0x00D28D1D+167197]
Ordinal0 [0x00D2742B+160811]
Ordinal0 [0x00D10AE6+68326]
Ordinal0 [0x00D11BF0+72688]
Ordinal0 [0x00D11B89+72585]
Ordinal0 [0x00E04B37+1067831]
GetHandleVerifier [0x00F06845+506677]
GetHandleVerifier [0x00F065E0+506064]
GetHandleVerifier [0x00F0D188+533624]
GetHandleVerifier [0x00F0701A+508682]
Ordinal0 [0x00DFC226+1032742]
Ordinal0 [0x00DFC09F+1032351]
Ordinal0 [0x00E06A4B+1075787]
Ordinal0 [0x00E06BB3+1076147]
Ordinal0 [0x00E05B65+1071973]
BaseThreadInitThunk [0x762060C9+25]
RtlGetAppContainerNamedObjectPath [0x772A7A94+228]
RtlGetAppContainerNamedObjectPath [0x772A7A64+180]
]]>
            </message>
            <full-stacktrace>
              <![CDATA[org.openqa.selenium.WebDriverException: unknown error: cannot find Chrome binary
Build info: version: '4.0.0-alpha-2', revision: 'f148142cf8', time: '2019-07-01T20:55:26'
System info: host: 'ATMECSINLT-087', ip: '55.55.52.203', os.name: 'Windows 10', os.arch: 'amd64', os.version: '10.0', java.version: '1.8.0_221'
Driver info: driver.version: ChromeDriver
remote stacktrace: Backtrace:
Ordinal0 [0x00E67C53+1473619]
Ordinal0 [0x00DEAD71+961905]
Ordinal0 [0x00D742B3+475827]
Ordinal0 [0x00D0B77B+46971]
Ordinal0 [0x00D29149+168265]
Ordinal0 [0x00D28D1D+167197]
Ordinal0 [0x00D2742B+160811]
Ordinal0 [0x00D10AE6+68326]
Ordinal0 [0x00D11BF0+72688]
Ordinal0 [0x00D11B89+72585]
Ordinal0 [0x00E04B37+1067831]
GetHandleVerifier [0x00F06845+506677]
GetHandleVerifier [0x00F065E0+506064]
GetHandleVerifier [0x00F0D188+533624]
GetHandleVerifier [0x00F0701A+508682]
Ordinal0 [0x00DFC226+1032742]
Ordinal0 [0x00DFC09F+1032351]
Ordinal0 [0x00E06A4B+1075787]
Ordinal0 [0x00E06BB3+1076147]
Ordinal0 [0x00E05B65+1071973]
BaseThreadInitThunk [0x762060C9+25]
RtlGetAppContainerNamedObjectPath [0x772A7A94+228]
RtlGetAppContainerNamedObjectPath [0x772A7A64+180]

at sun.reflect.NativeConstructorAccessorImpl.newInstance0(Native Method)
at sun.reflect.NativeConstructorAccessorImpl.newInstance(NativeConstructorAccessorImpl.java:62)
at sun.reflect.DelegatingConstructorAccessorImpl.newInstance(DelegatingConstructorAccessorImpl.java:45)
at java.lang.reflect.Constructor.newInstance(Constructor.java:423)
at org.openqa.selenium.remote.W3CHandshakeResponse.lambda$errorHandler$0(W3CHandshakeResponse.java:62)
at org.openqa.selenium.remote.HandshakeResponse.lambda$getResponseFunction$0(HandshakeResponse.java:30)
at org.openqa.selenium.remote.ProtocolHandshake.lambda$createSession$1(ProtocolHandshake.java:127)
at java.util.stream.ReferencePipeline$3$1.accept(ReferencePipeline.java:193)
at java.util.Spliterators$ArraySpliterator.tryAdvance(Spliterators.java:958)
at java.util.stream.ReferencePipeline.forEachWithCancel(ReferencePipeline.java:126)
at java.util.stream.AbstractPipeline.copyIntoWithCancel(AbstractPipeline.java:499)
at java.util.stream.AbstractPipeline.copyInto(AbstractPipeline.java:486)
at java.util.stream.AbstractPipeline.wrapAndCopyInto(AbstractPipeline.java:472)
at java.util.stream.FindOps$FindOp.evaluateSequential(FindOps.java:152)
at java.util.stream.AbstractPipeline.evaluate(AbstractPipeline.java:234)
at java.util.stream.ReferencePipeline.findFirst(ReferencePipeline.java:464)
at org.openqa.selenium.remote.ProtocolHandshake.createSession(ProtocolHandshake.java:129)
at org.openqa.selenium.remote.ProtocolHandshake.createSession(ProtocolHandshake.java:75)
at org.openqa.selenium.remote.HttpCommandExecutor.execute(HttpCommandExecutor.java:139)
at org.openqa.selenium.remote.service.DriverCommandExecutor.execute(DriverCommandExecutor.java:83)
at org.openqa.selenium.remote.RemoteWebDriver.execute(RemoteWebDriver.java:576)
at org.openqa.selenium.remote.RemoteWebDriver.startSession(RemoteWebDriver.java:210)
at org.openqa.selenium.remote.RemoteWebDriver.<init>(RemoteWebDriver.java:130)
at org.openqa.selenium.chrome.ChromeDriver.<init>(ChromeDriver.java:181)
at org.openqa.selenium.chrome.ChromeDriver.<init>(ChromeDriver.java:168)
at org.openqa.selenium.chrome.ChromeDriver.<init>(ChromeDriver.java:123)
at com.atmecs.phptravelsautomation.testbase.TestBase.intitailizeBrowser(TestBase.java:39)
at sun.reflect.NativeMethodAccessorImpl.invoke0(Native Method)
at sun.reflect.NativeMethodAccessorImpl.invoke(NativeMethodAccessorImpl.java:62)
at sun.reflect.DelegatingMethodAccessorImpl.invoke(DelegatingMethodAccessorImpl.java:43)
at java.lang.reflect.Method.invoke(Method.java:498)
at org.testng.internal.MethodInvocationHelper.invokeMethod(MethodInvocationHelper.java:124)
at org.testng.internal.MethodInvocationHelper.invokeMethodConsideringTimeout(MethodInvocationHelper.java:59)
at org.testng.internal.Invoker.invokeConfigurationMethod(Invoker.java:458)
at org.testng.internal.Invoker.invokeConfigurations(Invoker.java:222)
at org.testng.internal.Invoker.invokeConfigurations(Invoker.java:142)
at org.testng.SuiteRunner.privateRun(SuiteRunner.java:401)
at org.testng.SuiteRunner.run(SuiteRunner.java:364)
at org.testng.SuiteRunnerWorker.runSuite(SuiteRunnerWorker.java:52)
at org.testng.SuiteRunnerWorker.run(SuiteRunnerWorker.java:84)
at org.testng.TestNG.runSuitesSequentially(TestNG.java:1208)
at org.testng.TestNG.runSuitesSequentially(TestNG.java:1204)
at org.testng.TestNG.runSuitesLocally(TestNG.java:1137)
at org.testng.TestNG.runSuites(TestNG.java:1049)
at org.testng.TestNG.run(TestNG.java:1017)
at org.apache.maven.surefire.testng.TestNGExecutor.run(TestNGExecutor.java:283)
at org.apache.maven.surefire.testng.TestNGXmlTestSuite.execute(TestNGXmlTestSuite.java:75)
at org.apache.maven.surefire.testng.TestNGProvider.invoke(TestNGProvider.java:120)
at org.apache.maven.surefire.booter.ForkedBooter.invokeProviderInSameClassLoader(ForkedBooter.java:384)
at org.apache.maven.surefire.booter.ForkedBooter.runSuitesInProcess(ForkedBooter.java:345)
at org.apache.maven.surefire.booter.ForkedBooter.execute(ForkedBooter.java:126)
at org.apache.maven.surefire.booter.ForkedBooter.main(ForkedBooter.java:418)
]]>
            </full-stacktrace>
          </exception> <!-- org.openqa.selenium.WebDriverException -->
          <reporter-output>
          </reporter-output>
        </test-method> <!-- BookingOption -->
        <test-method status="SKIP" signature="tearDown(org.testng.ITestResult)[pri:0, instance:com.atmecs.phptravels.testscripts.InvoicePageTest@48eff760]" name="tearDown" is-config="true" duration-ms="0" started-at="2019-09-20T10:50:45Z" finished-at="2019-09-20T10:50:45Z">
          <reporter-output>
          </reporter-output>
        </test-method> <!-- tearDown -->
        <test-method status="SKIP" signature="tearDown(org.testng.ITestResult)[pri:0, instance:com.atmecs.phptravels.testscripts.InvoicePageTest@48eff760]" name="tearDown" is-config="true" duration-ms="0" started-at="2019-09-20T10:50:45Z" finished-at="2019-09-20T10:50:45Z">
          <reporter-output>
          </reporter-output>
        </test-method> <!-- tearDown -->
        <test-method status="SKIP" signature="personalDetailsInput([Ljava.lang.String;)[pri:4, instance:com.atmecs.phptravels.testscripts.InvoicePageTest@48eff760]" name="personalDetailsInput" duration-ms="0" started-at="2019-09-20T10:50:45Z" data-provider="personal_details" finished-at="2019-09-20T10:50:45Z">
          <exception class="org.openqa.selenium.WebDriverException">
            <message>
              <![CDATA[unknown error: cannot find Chrome binary
Build info: version: '4.0.0-alpha-2', revision: 'f148142cf8', time: '2019-07-01T20:55:26'
System info: host: 'ATMECSINLT-087', ip: '55.55.52.203', os.name: 'Windows 10', os.arch: 'amd64', os.version: '10.0', java.version: '1.8.0_221'
Driver info: driver.version: ChromeDriver
remote stacktrace: Backtrace:
Ordinal0 [0x00E67C53+1473619]
Ordinal0 [0x00DEAD71+961905]
Ordinal0 [0x00D742B3+475827]
Ordinal0 [0x00D0B77B+46971]
Ordinal0 [0x00D29149+168265]
Ordinal0 [0x00D28D1D+167197]
Ordinal0 [0x00D2742B+160811]
Ordinal0 [0x00D10AE6+68326]
Ordinal0 [0x00D11BF0+72688]
Ordinal0 [0x00D11B89+72585]
Ordinal0 [0x00E04B37+1067831]
GetHandleVerifier [0x00F06845+506677]
GetHandleVerifier [0x00F065E0+506064]
GetHandleVerifier [0x00F0D188+533624]
GetHandleVerifier [0x00F0701A+508682]
Ordinal0 [0x00DFC226+1032742]
Ordinal0 [0x00DFC09F+1032351]
Ordinal0 [0x00E06A4B+1075787]
Ordinal0 [0x00E06BB3+1076147]
Ordinal0 [0x00E05B65+1071973]
BaseThreadInitThunk [0x762060C9+25]
RtlGetAppContainerNamedObjectPath [0x772A7A94+228]
RtlGetAppContainerNamedObjectPath [0x772A7A64+180]
]]>
            </message>
            <full-stacktrace>
              <![CDATA[org.openqa.selenium.WebDriverException: unknown error: cannot find Chrome binary
Build info: version: '4.0.0-alpha-2', revision: 'f148142cf8', time: '2019-07-01T20:55:26'
System info: host: 'ATMECSINLT-087', ip: '55.55.52.203', os.name: 'Windows 10', os.arch: 'amd64', os.version: '10.0', java.version: '1.8.0_221'
Driver info: driver.version: ChromeDriver
remote stacktrace: Backtrace:
Ordinal0 [0x00E67C53+1473619]
Ordinal0 [0x00DEAD71+961905]
Ordinal0 [0x00D742B3+475827]
Ordinal0 [0x00D0B77B+46971]
Ordinal0 [0x00D29149+168265]
Ordinal0 [0x00D28D1D+167197]
Ordinal0 [0x00D2742B+160811]
Ordinal0 [0x00D10AE6+68326]
Ordinal0 [0x00D11BF0+72688]
Ordinal0 [0x00D11B89+72585]
Ordinal0 [0x00E04B37+1067831]
GetHandleVerifier [0x00F06845+506677]
GetHandleVerifier [0x00F065E0+506064]
GetHandleVerifier [0x00F0D188+533624]
GetHandleVerifier [0x00F0701A+508682]
Ordinal0 [0x00DFC226+1032742]
Ordinal0 [0x00DFC09F+1032351]
Ordinal0 [0x00E06A4B+1075787]
Ordinal0 [0x00E06BB3+1076147]
Ordinal0 [0x00E05B65+1071973]
BaseThreadInitThunk [0x762060C9+25]
RtlGetAppContainerNamedObjectPath [0x772A7A94+228]
RtlGetAppContainerNamedObjectPath [0x772A7A64+180]

at sun.reflect.NativeConstructorAccessorImpl.newInstance0(Native Method)
at sun.reflect.NativeConstructorAccessorImpl.newInstance(NativeConstructorAccessorImpl.java:62)
at sun.reflect.DelegatingConstructorAccessorImpl.newInstance(DelegatingConstructorAccessorImpl.java:45)
at java.lang.reflect.Constructor.newInstance(Constructor.java:423)
at org.openqa.selenium.remote.W3CHandshakeResponse.lambda$errorHandler$0(W3CHandshakeResponse.java:62)
at org.openqa.selenium.remote.HandshakeResponse.lambda$getResponseFunction$0(HandshakeResponse.java:30)
at org.openqa.selenium.remote.ProtocolHandshake.lambda$createSession$1(ProtocolHandshake.java:127)
at java.util.stream.ReferencePipeline$3$1.accept(ReferencePipeline.java:193)
at java.util.Spliterators$ArraySpliterator.tryAdvance(Spliterators.java:958)
at java.util.stream.ReferencePipeline.forEachWithCancel(ReferencePipeline.java:126)
at java.util.stream.AbstractPipeline.copyIntoWithCancel(AbstractPipeline.java:499)
at java.util.stream.AbstractPipeline.copyInto(AbstractPipeline.java:486)
at java.util.stream.AbstractPipeline.wrapAndCopyInto(AbstractPipeline.java:472)
at java.util.stream.FindOps$FindOp.evaluateSequential(FindOps.java:152)
at java.util.stream.AbstractPipeline.evaluate(AbstractPipeline.java:234)
at java.util.stream.ReferencePipeline.findFirst(ReferencePipeline.java:464)
at org.openqa.selenium.remote.ProtocolHandshake.createSession(ProtocolHandshake.java:129)
at org.openqa.selenium.remote.ProtocolHandshake.createSession(ProtocolHandshake.java:75)
at org.openqa.selenium.remote.HttpCommandExecutor.execute(HttpCommandExecutor.java:139)
at org.openqa.selenium.remote.service.DriverCommandExecutor.execute(DriverCommandExecutor.java:83)
at org.openqa.selenium.remote.RemoteWebDriver.execute(RemoteWebDriver.java:576)
at org.openqa.selenium.remote.RemoteWebDriver.startSession(RemoteWebDriver.java:210)
at org.openqa.selenium.remote.RemoteWebDriver.<init>(RemoteWebDriver.java:130)
at org.openqa.selenium.chrome.ChromeDriver.<init>(ChromeDriver.java:181)
at org.openqa.selenium.chrome.ChromeDriver.<init>(ChromeDriver.java:168)
at org.openqa.selenium.chrome.ChromeDriver.<init>(ChromeDriver.java:123)
at com.atmecs.phptravelsautomation.testbase.TestBase.intitailizeBrowser(TestBase.java:39)
at sun.reflect.NativeMethodAccessorImpl.invoke0(Native Method)
at sun.reflect.NativeMethodAccessorImpl.invoke(NativeMethodAccessorImpl.java:62)
at sun.reflect.DelegatingMethodAccessorImpl.invoke(DelegatingMethodAccessorImpl.java:43)
at java.lang.reflect.Method.invoke(Method.java:498)
at org.testng.internal.MethodInvocationHelper.invokeMethod(MethodInvocationHelper.java:124)
at org.testng.internal.MethodInvocationHelper.invokeMethodConsideringTimeout(MethodInvocationHelper.java:59)
at org.testng.internal.Invoker.invokeConfigurationMethod(Invoker.java:458)
at org.testng.internal.Invoker.invokeConfigurations(Invoker.java:222)
at org.testng.internal.Invoker.invokeConfigurations(Invoker.java:142)
at org.testng.SuiteRunner.privateRun(SuiteRunner.java:401)
at org.testng.SuiteRunner.run(SuiteRunner.java:364)
at org.testng.SuiteRunnerWorker.runSuite(SuiteRunnerWorker.java:52)
at org.testng.SuiteRunnerWorker.run(SuiteRunnerWorker.java:84)
at org.testng.TestNG.runSuitesSequentially(TestNG.java:1208)
at org.testng.TestNG.runSuitesSequentially(TestNG.java:1204)
at org.testng.TestNG.runSuitesLocally(TestNG.java:1137)
at org.testng.TestNG.runSuites(TestNG.java:1049)
at org.testng.TestNG.run(TestNG.java:1017)
at org.apache.maven.surefire.testng.TestNGExecutor.run(TestNGExecutor.java:283)
at org.apache.maven.surefire.testng.TestNGXmlTestSuite.execute(TestNGXmlTestSuite.java:75)
at org.apache.maven.surefire.testng.TestNGProvider.invoke(TestNGProvider.java:120)
at org.apache.maven.surefire.booter.ForkedBooter.invokeProviderInSameClassLoader(ForkedBooter.java:384)
at org.apache.maven.surefire.booter.ForkedBooter.runSuitesInProcess(ForkedBooter.java:345)
at org.apache.maven.surefire.booter.ForkedBooter.execute(ForkedBooter.java:126)
at org.apache.maven.surefire.booter.ForkedBooter.main(ForkedBooter.java:418)
]]>
            </full-stacktrace>
          </exception> <!-- org.openqa.selenium.WebDriverException -->
          <reporter-output>
          </reporter-output>
        </test-method> <!-- personalDetailsInput -->
        <test-method status="SKIP" signature="guestInfoInput([Ljava.lang.String;)[pri:5, instance:com.atmecs.phptravels.testscripts.InvoicePageTest@48eff760]" name="guestInfoInput" duration-ms="0" started-at="2019-09-20T10:50:45Z" data-provider="guest_details" finished-at="2019-09-20T10:50:45Z">
          <exception class="org.openqa.selenium.WebDriverException">
            <message>
              <![CDATA[unknown error: cannot find Chrome binary
Build info: version: '4.0.0-alpha-2', revision: 'f148142cf8', time: '2019-07-01T20:55:26'
System info: host: 'ATMECSINLT-087', ip: '55.55.52.203', os.name: 'Windows 10', os.arch: 'amd64', os.version: '10.0', java.version: '1.8.0_221'
Driver info: driver.version: ChromeDriver
remote stacktrace: Backtrace:
Ordinal0 [0x00E67C53+1473619]
Ordinal0 [0x00DEAD71+961905]
Ordinal0 [0x00D742B3+475827]
Ordinal0 [0x00D0B77B+46971]
Ordinal0 [0x00D29149+168265]
Ordinal0 [0x00D28D1D+167197]
Ordinal0 [0x00D2742B+160811]
Ordinal0 [0x00D10AE6+68326]
Ordinal0 [0x00D11BF0+72688]
Ordinal0 [0x00D11B89+72585]
Ordinal0 [0x00E04B37+1067831]
GetHandleVerifier [0x00F06845+506677]
GetHandleVerifier [0x00F065E0+506064]
GetHandleVerifier [0x00F0D188+533624]
GetHandleVerifier [0x00F0701A+508682]
Ordinal0 [0x00DFC226+1032742]
Ordinal0 [0x00DFC09F+1032351]
Ordinal0 [0x00E06A4B+1075787]
Ordinal0 [0x00E06BB3+1076147]
Ordinal0 [0x00E05B65+1071973]
BaseThreadInitThunk [0x762060C9+25]
RtlGetAppContainerNamedObjectPath [0x772A7A94+228]
RtlGetAppContainerNamedObjectPath [0x772A7A64+180]
]]>
            </message>
            <full-stacktrace>
              <![CDATA[org.openqa.selenium.WebDriverException: unknown error: cannot find Chrome binary
Build info: version: '4.0.0-alpha-2', revision: 'f148142cf8', time: '2019-07-01T20:55:26'
System info: host: 'ATMECSINLT-087', ip: '55.55.52.203', os.name: 'Windows 10', os.arch: 'amd64', os.version: '10.0', java.version: '1.8.0_221'
Driver info: driver.version: ChromeDriver
remote stacktrace: Backtrace:
Ordinal0 [0x00E67C53+1473619]
Ordinal0 [0x00DEAD71+961905]
Ordinal0 [0x00D742B3+475827]
Ordinal0 [0x00D0B77B+46971]
Ordinal0 [0x00D29149+168265]
Ordinal0 [0x00D28D1D+167197]
Ordinal0 [0x00D2742B+160811]
Ordinal0 [0x00D10AE6+68326]
Ordinal0 [0x00D11BF0+72688]
Ordinal0 [0x00D11B89+72585]
Ordinal0 [0x00E04B37+1067831]
GetHandleVerifier [0x00F06845+506677]
GetHandleVerifier [0x00F065E0+506064]
GetHandleVerifier [0x00F0D188+533624]
GetHandleVerifier [0x00F0701A+508682]
Ordinal0 [0x00DFC226+1032742]
Ordinal0 [0x00DFC09F+1032351]
Ordinal0 [0x00E06A4B+1075787]
Ordinal0 [0x00E06BB3+1076147]
Ordinal0 [0x00E05B65+1071973]
BaseThreadInitThunk [0x762060C9+25]
RtlGetAppContainerNamedObjectPath [0x772A7A94+228]
RtlGetAppContainerNamedObjectPath [0x772A7A64+180]

at sun.reflect.NativeConstructorAccessorImpl.newInstance0(Native Method)
at sun.reflect.NativeConstructorAccessorImpl.newInstance(NativeConstructorAccessorImpl.java:62)
at sun.reflect.DelegatingConstructorAccessorImpl.newInstance(DelegatingConstructorAccessorImpl.java:45)
at java.lang.reflect.Constructor.newInstance(Constructor.java:423)
at org.openqa.selenium.remote.W3CHandshakeResponse.lambda$errorHandler$0(W3CHandshakeResponse.java:62)
at org.openqa.selenium.remote.HandshakeResponse.lambda$getResponseFunction$0(HandshakeResponse.java:30)
at org.openqa.selenium.remote.ProtocolHandshake.lambda$createSession$1(ProtocolHandshake.java:127)
at java.util.stream.ReferencePipeline$3$1.accept(ReferencePipeline.java:193)
at java.util.Spliterators$ArraySpliterator.tryAdvance(Spliterators.java:958)
at java.util.stream.ReferencePipeline.forEachWithCancel(ReferencePipeline.java:126)
at java.util.stream.AbstractPipeline.copyIntoWithCancel(AbstractPipeline.java:499)
at java.util.stream.AbstractPipeline.copyInto(AbstractPipeline.java:486)
at java.util.stream.AbstractPipeline.wrapAndCopyInto(AbstractPipeline.java:472)
at java.util.stream.FindOps$FindOp.evaluateSequential(FindOps.java:152)
at java.util.stream.AbstractPipeline.evaluate(AbstractPipeline.java:234)
at java.util.stream.ReferencePipeline.findFirst(ReferencePipeline.java:464)
at org.openqa.selenium.remote.ProtocolHandshake.createSession(ProtocolHandshake.java:129)
at org.openqa.selenium.remote.ProtocolHandshake.createSession(ProtocolHandshake.java:75)
at org.openqa.selenium.remote.HttpCommandExecutor.execute(HttpCommandExecutor.java:139)
at org.openqa.selenium.remote.service.DriverCommandExecutor.execute(DriverCommandExecutor.java:83)
at org.openqa.selenium.remote.RemoteWebDriver.execute(RemoteWebDriver.java:576)
at org.openqa.selenium.remote.RemoteWebDriver.startSession(RemoteWebDriver.java:210)
at org.openqa.selenium.remote.RemoteWebDriver.<init>(RemoteWebDriver.java:130)
at org.openqa.selenium.chrome.ChromeDriver.<init>(ChromeDriver.java:181)
at org.openqa.selenium.chrome.ChromeDriver.<init>(ChromeDriver.java:168)
at org.openqa.selenium.chrome.ChromeDriver.<init>(ChromeDriver.java:123)
at com.atmecs.phptravelsautomation.testbase.TestBase.intitailizeBrowser(TestBase.java:39)
at sun.reflect.NativeMethodAccessorImpl.invoke0(Native Method)
at sun.reflect.NativeMethodAccessorImpl.invoke(NativeMethodAccessorImpl.java:62)
at sun.reflect.DelegatingMethodAccessorImpl.invoke(DelegatingMethodAccessorImpl.java:43)
at java.lang.reflect.Method.invoke(Method.java:498)
at org.testng.internal.MethodInvocationHelper.invokeMethod(MethodInvocationHelper.java:124)
at org.testng.internal.MethodInvocationHelper.invokeMethodConsideringTimeout(MethodInvocationHelper.java:59)
at org.testng.internal.Invoker.invokeConfigurationMethod(Invoker.java:458)
at org.testng.internal.Invoker.invokeConfigurations(Invoker.java:222)
at org.testng.internal.Invoker.invokeConfigurations(Invoker.java:142)
at org.testng.SuiteRunner.privateRun(SuiteRunner.java:401)
at org.testng.SuiteRunner.run(SuiteRunner.java:364)
at org.testng.SuiteRunnerWorker.runSuite(SuiteRunnerWorker.java:52)
at org.testng.SuiteRunnerWorker.run(SuiteRunnerWorker.java:84)
at org.testng.TestNG.runSuitesSequentially(TestNG.java:1208)
at org.testng.TestNG.runSuitesSequentially(TestNG.java:1204)
at org.testng.TestNG.runSuitesLocally(TestNG.java:1137)
at org.testng.TestNG.runSuites(TestNG.java:1049)
at org.testng.TestNG.run(TestNG.java:1017)
at org.apache.maven.surefire.testng.TestNGExecutor.run(TestNGExecutor.java:283)
at org.apache.maven.surefire.testng.TestNGXmlTestSuite.execute(TestNGXmlTestSuite.java:75)
at org.apache.maven.surefire.testng.TestNGProvider.invoke(TestNGProvider.java:120)
at org.apache.maven.surefire.booter.ForkedBooter.invokeProviderInSameClassLoader(ForkedBooter.java:384)
at org.apache.maven.surefire.booter.ForkedBooter.runSuitesInProcess(ForkedBooter.java:345)
at org.apache.maven.surefire.booter.ForkedBooter.execute(ForkedBooter.java:126)
at org.apache.maven.surefire.booter.ForkedBooter.main(ForkedBooter.java:418)
]]>
            </full-stacktrace>
          </exception> <!-- org.openqa.selenium.WebDriverException -->
          <reporter-output>
          </reporter-output>
        </test-method> <!-- guestInfoInput -->
        <test-method status="SKIP" signature="tearDown(org.testng.ITestResult)[pri:0, instance:com.atmecs.phptravels.testscripts.InvoicePageTest@48eff760]" name="tearDown" is-config="true" duration-ms="0" started-at="2019-09-20T10:50:45Z" finished-at="2019-09-20T10:50:45Z">
          <reporter-output>
          </reporter-output>
        </test-method> <!-- tearDown -->
        <test-method status="SKIP" signature="guestInfoInput([Ljava.lang.String;)[pri:5, instance:com.atmecs.phptravels.testscripts.InvoicePageTest@48eff760]" name="guestInfoInput" duration-ms="0" started-at="2019-09-20T10:50:45Z" data-provider="guest_details" finished-at="2019-09-20T10:50:45Z">
          <exception class="org.openqa.selenium.WebDriverException">
            <message>
              <![CDATA[unknown error: cannot find Chrome binary
Build info: version: '4.0.0-alpha-2', revision: 'f148142cf8', time: '2019-07-01T20:55:26'
System info: host: 'ATMECSINLT-087', ip: '55.55.52.203', os.name: 'Windows 10', os.arch: 'amd64', os.version: '10.0', java.version: '1.8.0_221'
Driver info: driver.version: ChromeDriver
remote stacktrace: Backtrace:
Ordinal0 [0x00E67C53+1473619]
Ordinal0 [0x00DEAD71+961905]
Ordinal0 [0x00D742B3+475827]
Ordinal0 [0x00D0B77B+46971]
Ordinal0 [0x00D29149+168265]
Ordinal0 [0x00D28D1D+167197]
Ordinal0 [0x00D2742B+160811]
Ordinal0 [0x00D10AE6+68326]
Ordinal0 [0x00D11BF0+72688]
Ordinal0 [0x00D11B89+72585]
Ordinal0 [0x00E04B37+1067831]
GetHandleVerifier [0x00F06845+506677]
GetHandleVerifier [0x00F065E0+506064]
GetHandleVerifier [0x00F0D188+533624]
GetHandleVerifier [0x00F0701A+508682]
Ordinal0 [0x00DFC226+1032742]
Ordinal0 [0x00DFC09F+1032351]
Ordinal0 [0x00E06A4B+1075787]
Ordinal0 [0x00E06BB3+1076147]
Ordinal0 [0x00E05B65+1071973]
BaseThreadInitThunk [0x762060C9+25]
RtlGetAppContainerNamedObjectPath [0x772A7A94+228]
RtlGetAppContainerNamedObjectPath [0x772A7A64+180]
]]>
            </message>
            <full-stacktrace>
              <![CDATA[org.openqa.selenium.WebDriverException: unknown error: cannot find Chrome binary
Build info: version: '4.0.0-alpha-2', revision: 'f148142cf8', time: '2019-07-01T20:55:26'
System info: host: 'ATMECSINLT-087', ip: '55.55.52.203', os.name: 'Windows 10', os.arch: 'amd64', os.version: '10.0', java.version: '1.8.0_221'
Driver info: driver.version: ChromeDriver
remote stacktrace: Backtrace:
Ordinal0 [0x00E67C53+1473619]
Ordinal0 [0x00DEAD71+961905]
Ordinal0 [0x00D742B3+475827]
Ordinal0 [0x00D0B77B+46971]
Ordinal0 [0x00D29149+168265]
Ordinal0 [0x00D28D1D+167197]
Ordinal0 [0x00D2742B+160811]
Ordinal0 [0x00D10AE6+68326]
Ordinal0 [0x00D11BF0+72688]
Ordinal0 [0x00D11B89+72585]
Ordinal0 [0x00E04B37+1067831]
GetHandleVerifier [0x00F06845+506677]
GetHandleVerifier [0x00F065E0+506064]
GetHandleVerifier [0x00F0D188+533624]
GetHandleVerifier [0x00F0701A+508682]
Ordinal0 [0x00DFC226+1032742]
Ordinal0 [0x00DFC09F+1032351]
Ordinal0 [0x00E06A4B+1075787]
Ordinal0 [0x00E06BB3+1076147]
Ordinal0 [0x00E05B65+1071973]
BaseThreadInitThunk [0x762060C9+25]
RtlGetAppContainerNamedObjectPath [0x772A7A94+228]
RtlGetAppContainerNamedObjectPath [0x772A7A64+180]

at sun.reflect.NativeConstructorAccessorImpl.newInstance0(Native Method)
at sun.reflect.NativeConstructorAccessorImpl.newInstance(NativeConstructorAccessorImpl.java:62)
at sun.reflect.DelegatingConstructorAccessorImpl.newInstance(DelegatingConstructorAccessorImpl.java:45)
at java.lang.reflect.Constructor.newInstance(Constructor.java:423)
at org.openqa.selenium.remote.W3CHandshakeResponse.lambda$errorHandler$0(W3CHandshakeResponse.java:62)
at org.openqa.selenium.remote.HandshakeResponse.lambda$getResponseFunction$0(HandshakeResponse.java:30)
at org.openqa.selenium.remote.ProtocolHandshake.lambda$createSession$1(ProtocolHandshake.java:127)
at java.util.stream.ReferencePipeline$3$1.accept(ReferencePipeline.java:193)
at java.util.Spliterators$ArraySpliterator.tryAdvance(Spliterators.java:958)
at java.util.stream.ReferencePipeline.forEachWithCancel(ReferencePipeline.java:126)
at java.util.stream.AbstractPipeline.copyIntoWithCancel(AbstractPipeline.java:499)
at java.util.stream.AbstractPipeline.copyInto(AbstractPipeline.java:486)
at java.util.stream.AbstractPipeline.wrapAndCopyInto(AbstractPipeline.java:472)
at java.util.stream.FindOps$FindOp.evaluateSequential(FindOps.java:152)
at java.util.stream.AbstractPipeline.evaluate(AbstractPipeline.java:234)
at java.util.stream.ReferencePipeline.findFirst(ReferencePipeline.java:464)
at org.openqa.selenium.remote.ProtocolHandshake.createSession(ProtocolHandshake.java:129)
at org.openqa.selenium.remote.ProtocolHandshake.createSession(ProtocolHandshake.java:75)
at org.openqa.selenium.remote.HttpCommandExecutor.execute(HttpCommandExecutor.java:139)
at org.openqa.selenium.remote.service.DriverCommandExecutor.execute(DriverCommandExecutor.java:83)
at org.openqa.selenium.remote.RemoteWebDriver.execute(RemoteWebDriver.java:576)
at org.openqa.selenium.remote.RemoteWebDriver.startSession(RemoteWebDriver.java:210)
at org.openqa.selenium.remote.RemoteWebDriver.<init>(RemoteWebDriver.java:130)
at org.openqa.selenium.chrome.ChromeDriver.<init>(ChromeDriver.java:181)
at org.openqa.selenium.chrome.ChromeDriver.<init>(ChromeDriver.java:168)
at org.openqa.selenium.chrome.ChromeDriver.<init>(ChromeDriver.java:123)
at com.atmecs.phptravelsautomation.testbase.TestBase.intitailizeBrowser(TestBase.java:39)
at sun.reflect.NativeMethodAccessorImpl.invoke0(Native Method)
at sun.reflect.NativeMethodAccessorImpl.invoke(NativeMethodAccessorImpl.java:62)
at sun.reflect.DelegatingMethodAccessorImpl.invoke(DelegatingMethodAccessorImpl.java:43)
at java.lang.reflect.Method.invoke(Method.java:498)
at org.testng.internal.MethodInvocationHelper.invokeMethod(MethodInvocationHelper.java:124)
at org.testng.internal.MethodInvocationHelper.invokeMethodConsideringTimeout(MethodInvocationHelper.java:59)
at org.testng.internal.Invoker.invokeConfigurationMethod(Invoker.java:458)
at org.testng.internal.Invoker.invokeConfigurations(Invoker.java:222)
at org.testng.internal.Invoker.invokeConfigurations(Invoker.java:142)
at org.testng.SuiteRunner.privateRun(SuiteRunner.java:401)
at org.testng.SuiteRunner.run(SuiteRunner.java:364)
at org.testng.SuiteRunnerWorker.runSuite(SuiteRunnerWorker.java:52)
at org.testng.SuiteRunnerWorker.run(SuiteRunnerWorker.java:84)
at org.testng.TestNG.runSuitesSequentially(TestNG.java:1208)
at org.testng.TestNG.runSuitesSequentially(TestNG.java:1204)
at org.testng.TestNG.runSuitesLocally(TestNG.java:1137)
at org.testng.TestNG.runSuites(TestNG.java:1049)
at org.testng.TestNG.run(TestNG.java:1017)
at org.apache.maven.surefire.testng.TestNGExecutor.run(TestNGExecutor.java:283)
at org.apache.maven.surefire.testng.TestNGXmlTestSuite.execute(TestNGXmlTestSuite.java:75)
at org.apache.maven.surefire.testng.TestNGProvider.invoke(TestNGProvider.java:120)
at org.apache.maven.surefire.booter.ForkedBooter.invokeProviderInSameClassLoader(ForkedBooter.java:384)
at org.apache.maven.surefire.booter.ForkedBooter.runSuitesInProcess(ForkedBooter.java:345)
at org.apache.maven.surefire.booter.ForkedBooter.execute(ForkedBooter.java:126)
at org.apache.maven.surefire.booter.ForkedBooter.main(ForkedBooter.java:418)
]]>
            </full-stacktrace>
          </exception> <!-- org.openqa.selenium.WebDriverException -->
          <reporter-output>
          </reporter-output>
        </test-method> <!-- guestInfoInput -->
        <test-method status="SKIP" signature="tearDown(org.testng.ITestResult)[pri:0, instance:com.atmecs.phptravels.testscripts.InvoicePageTest@48eff760]" name="tearDown" is-config="true" duration-ms="0" started-at="2019-09-20T10:50:45Z" finished-at="2019-09-20T10:50:45Z">
          <reporter-output>
          </reporter-output>
        </test-method> <!-- tearDown -->
        <test-method status="SKIP" signature="tearDown(org.testng.ITestResult)[pri:0, instance:com.atmecs.phptravels.testscripts.InvoicePageTest@48eff760]" name="tearDown" is-config="true" duration-ms="0" started-at="2019-09-20T10:50:45Z" finished-at="2019-09-20T10:50:45Z">
          <reporter-output>
          </reporter-output>
        </test-method> <!-- tearDown -->
        <test-method status="SKIP" signature="guestInfoInput([Ljava.lang.String;)[pri:5, instance:com.atmecs.phptravels.testscripts.InvoicePageTest@48eff760]" name="guestInfoInput" duration-ms="0" started-at="2019-09-20T10:50:45Z" data-provider="guest_details" finished-at="2019-09-20T10:50:45Z">
          <exception class="org.openqa.selenium.WebDriverException">
            <message>
              <![CDATA[unknown error: cannot find Chrome binary
Build info: version: '4.0.0-alpha-2', revision: 'f148142cf8', time: '2019-07-01T20:55:26'
System info: host: 'ATMECSINLT-087', ip: '55.55.52.203', os.name: 'Windows 10', os.arch: 'amd64', os.version: '10.0', java.version: '1.8.0_221'
Driver info: driver.version: ChromeDriver
remote stacktrace: Backtrace:
Ordinal0 [0x00E67C53+1473619]
Ordinal0 [0x00DEAD71+961905]
Ordinal0 [0x00D742B3+475827]
Ordinal0 [0x00D0B77B+46971]
Ordinal0 [0x00D29149+168265]
Ordinal0 [0x00D28D1D+167197]
Ordinal0 [0x00D2742B+160811]
Ordinal0 [0x00D10AE6+68326]
Ordinal0 [0x00D11BF0+72688]
Ordinal0 [0x00D11B89+72585]
Ordinal0 [0x00E04B37+1067831]
GetHandleVerifier [0x00F06845+506677]
GetHandleVerifier [0x00F065E0+506064]
GetHandleVerifier [0x00F0D188+533624]
GetHandleVerifier [0x00F0701A+508682]
Ordinal0 [0x00DFC226+1032742]
Ordinal0 [0x00DFC09F+1032351]
Ordinal0 [0x00E06A4B+1075787]
Ordinal0 [0x00E06BB3+1076147]
Ordinal0 [0x00E05B65+1071973]
BaseThreadInitThunk [0x762060C9+25]
RtlGetAppContainerNamedObjectPath [0x772A7A94+228]
RtlGetAppContainerNamedObjectPath [0x772A7A64+180]
]]>
            </message>
            <full-stacktrace>
              <![CDATA[org.openqa.selenium.WebDriverException: unknown error: cannot find Chrome binary
Build info: version: '4.0.0-alpha-2', revision: 'f148142cf8', time: '2019-07-01T20:55:26'
System info: host: 'ATMECSINLT-087', ip: '55.55.52.203', os.name: 'Windows 10', os.arch: 'amd64', os.version: '10.0', java.version: '1.8.0_221'
Driver info: driver.version: ChromeDriver
remote stacktrace: Backtrace:
Ordinal0 [0x00E67C53+1473619]
Ordinal0 [0x00DEAD71+961905]
Ordinal0 [0x00D742B3+475827]
Ordinal0 [0x00D0B77B+46971]
Ordinal0 [0x00D29149+168265]
Ordinal0 [0x00D28D1D+167197]
Ordinal0 [0x00D2742B+160811]
Ordinal0 [0x00D10AE6+68326]
Ordinal0 [0x00D11BF0+72688]
Ordinal0 [0x00D11B89+72585]
Ordinal0 [0x00E04B37+1067831]
GetHandleVerifier [0x00F06845+506677]
GetHandleVerifier [0x00F065E0+506064]
GetHandleVerifier [0x00F0D188+533624]
GetHandleVerifier [0x00F0701A+508682]
Ordinal0 [0x00DFC226+1032742]
Ordinal0 [0x00DFC09F+1032351]
Ordinal0 [0x00E06A4B+1075787]
Ordinal0 [0x00E06BB3+1076147]
Ordinal0 [0x00E05B65+1071973]
BaseThreadInitThunk [0x762060C9+25]
RtlGetAppContainerNamedObjectPath [0x772A7A94+228]
RtlGetAppContainerNamedObjectPath [0x772A7A64+180]

at sun.reflect.NativeConstructorAccessorImpl.newInstance0(Native Method)
at sun.reflect.NativeConstructorAccessorImpl.newInstance(NativeConstructorAccessorImpl.java:62)
at sun.reflect.DelegatingConstructorAccessorImpl.newInstance(DelegatingConstructorAccessorImpl.java:45)
at java.lang.reflect.Constructor.newInstance(Constructor.java:423)
at org.openqa.selenium.remote.W3CHandshakeResponse.lambda$errorHandler$0(W3CHandshakeResponse.java:62)
at org.openqa.selenium.remote.HandshakeResponse.lambda$getResponseFunction$0(HandshakeResponse.java:30)
at org.openqa.selenium.remote.ProtocolHandshake.lambda$createSession$1(ProtocolHandshake.java:127)
at java.util.stream.ReferencePipeline$3$1.accept(ReferencePipeline.java:193)
at java.util.Spliterators$ArraySpliterator.tryAdvance(Spliterators.java:958)
at java.util.stream.ReferencePipeline.forEachWithCancel(ReferencePipeline.java:126)
at java.util.stream.AbstractPipeline.copyIntoWithCancel(AbstractPipeline.java:499)
at java.util.stream.AbstractPipeline.copyInto(AbstractPipeline.java:486)
at java.util.stream.AbstractPipeline.wrapAndCopyInto(AbstractPipeline.java:472)
at java.util.stream.FindOps$FindOp.evaluateSequential(FindOps.java:152)
at java.util.stream.AbstractPipeline.evaluate(AbstractPipeline.java:234)
at java.util.stream.ReferencePipeline.findFirst(ReferencePipeline.java:464)
at org.openqa.selenium.remote.ProtocolHandshake.createSession(ProtocolHandshake.java:129)
at org.openqa.selenium.remote.ProtocolHandshake.createSession(ProtocolHandshake.java:75)
at org.openqa.selenium.remote.HttpCommandExecutor.execute(HttpCommandExecutor.java:139)
at org.openqa.selenium.remote.service.DriverCommandExecutor.execute(DriverCommandExecutor.java:83)
at org.openqa.selenium.remote.RemoteWebDriver.execute(RemoteWebDriver.java:576)
at org.openqa.selenium.remote.RemoteWebDriver.startSession(RemoteWebDriver.java:210)
at org.openqa.selenium.remote.RemoteWebDriver.<init>(RemoteWebDriver.java:130)
at org.openqa.selenium.chrome.ChromeDriver.<init>(ChromeDriver.java:181)
at org.openqa.selenium.chrome.ChromeDriver.<init>(ChromeDriver.java:168)
at org.openqa.selenium.chrome.ChromeDriver.<init>(ChromeDriver.java:123)
at com.atmecs.phptravelsautomation.testbase.TestBase.intitailizeBrowser(TestBase.java:39)
at sun.reflect.NativeMethodAccessorImpl.invoke0(Native Method)
at sun.reflect.NativeMethodAccessorImpl.invoke(NativeMethodAccessorImpl.java:62)
at sun.reflect.DelegatingMethodAccessorImpl.invoke(DelegatingMethodAccessorImpl.java:43)
at java.lang.reflect.Method.invoke(Method.java:498)
at org.testng.internal.MethodInvocationHelper.invokeMethod(MethodInvocationHelper.java:124)
at org.testng.internal.MethodInvocationHelper.invokeMethodConsideringTimeout(MethodInvocationHelper.java:59)
at org.testng.internal.Invoker.invokeConfigurationMethod(Invoker.java:458)
at org.testng.internal.Invoker.invokeConfigurations(Invoker.java:222)
at org.testng.internal.Invoker.invokeConfigurations(Invoker.java:142)
at org.testng.SuiteRunner.privateRun(SuiteRunner.java:401)
at org.testng.SuiteRunner.run(SuiteRunner.java:364)
at org.testng.SuiteRunnerWorker.runSuite(SuiteRunnerWorker.java:52)
at org.testng.SuiteRunnerWorker.run(SuiteRunnerWorker.java:84)
at org.testng.TestNG.runSuitesSequentially(TestNG.java:1208)
at org.testng.TestNG.runSuitesSequentially(TestNG.java:1204)
at org.testng.TestNG.runSuitesLocally(TestNG.java:1137)
at org.testng.TestNG.runSuites(TestNG.java:1049)
at org.testng.TestNG.run(TestNG.java:1017)
at org.apache.maven.surefire.testng.TestNGExecutor.run(TestNGExecutor.java:283)
at org.apache.maven.surefire.testng.TestNGXmlTestSuite.execute(TestNGXmlTestSuite.java:75)
at org.apache.maven.surefire.testng.TestNGProvider.invoke(TestNGProvider.java:120)
at org.apache.maven.surefire.booter.ForkedBooter.invokeProviderInSameClassLoader(ForkedBooter.java:384)
at org.apache.maven.surefire.booter.ForkedBooter.runSuitesInProcess(ForkedBooter.java:345)
at org.apache.maven.surefire.booter.ForkedBooter.execute(ForkedBooter.java:126)
at org.apache.maven.surefire.booter.ForkedBooter.main(ForkedBooter.java:418)
]]>
            </full-stacktrace>
          </exception> <!-- org.openqa.selenium.WebDriverException -->
          <reporter-output>
          </reporter-output>
        </test-method> <!-- guestInfoInput -->
        <test-method status="SKIP" signature="guestInfoInput([Ljava.lang.String;)[pri:5, instance:com.atmecs.phptravels.testscripts.InvoicePageTest@48eff760]" name="guestInfoInput" duration-ms="0" started-at="2019-09-20T10:50:45Z" data-provider="guest_details" finished-at="2019-09-20T10:50:45Z">
          <exception class="org.openqa.selenium.WebDriverException">
            <message>
              <![CDATA[unknown error: cannot find Chrome binary
Build info: version: '4.0.0-alpha-2', revision: 'f148142cf8', time: '2019-07-01T20:55:26'
System info: host: 'ATMECSINLT-087', ip: '55.55.52.203', os.name: 'Windows 10', os.arch: 'amd64', os.version: '10.0', java.version: '1.8.0_221'
Driver info: driver.version: ChromeDriver
remote stacktrace: Backtrace:
Ordinal0 [0x00E67C53+1473619]
Ordinal0 [0x00DEAD71+961905]
Ordinal0 [0x00D742B3+475827]
Ordinal0 [0x00D0B77B+46971]
Ordinal0 [0x00D29149+168265]
Ordinal0 [0x00D28D1D+167197]
Ordinal0 [0x00D2742B+160811]
Ordinal0 [0x00D10AE6+68326]
Ordinal0 [0x00D11BF0+72688]
Ordinal0 [0x00D11B89+72585]
Ordinal0 [0x00E04B37+1067831]
GetHandleVerifier [0x00F06845+506677]
GetHandleVerifier [0x00F065E0+506064]
GetHandleVerifier [0x00F0D188+533624]
GetHandleVerifier [0x00F0701A+508682]
Ordinal0 [0x00DFC226+1032742]
Ordinal0 [0x00DFC09F+1032351]
Ordinal0 [0x00E06A4B+1075787]
Ordinal0 [0x00E06BB3+1076147]
Ordinal0 [0x00E05B65+1071973]
BaseThreadInitThunk [0x762060C9+25]
RtlGetAppContainerNamedObjectPath [0x772A7A94+228]
RtlGetAppContainerNamedObjectPath [0x772A7A64+180]
]]>
            </message>
            <full-stacktrace>
              <![CDATA[org.openqa.selenium.WebDriverException: unknown error: cannot find Chrome binary
Build info: version: '4.0.0-alpha-2', revision: 'f148142cf8', time: '2019-07-01T20:55:26'
System info: host: 'ATMECSINLT-087', ip: '55.55.52.203', os.name: 'Windows 10', os.arch: 'amd64', os.version: '10.0', java.version: '1.8.0_221'
Driver info: driver.version: ChromeDriver
remote stacktrace: Backtrace:
Ordinal0 [0x00E67C53+1473619]
Ordinal0 [0x00DEAD71+961905]
Ordinal0 [0x00D742B3+475827]
Ordinal0 [0x00D0B77B+46971]
Ordinal0 [0x00D29149+168265]
Ordinal0 [0x00D28D1D+167197]
Ordinal0 [0x00D2742B+160811]
Ordinal0 [0x00D10AE6+68326]
Ordinal0 [0x00D11BF0+72688]
Ordinal0 [0x00D11B89+72585]
Ordinal0 [0x00E04B37+1067831]
GetHandleVerifier [0x00F06845+506677]
GetHandleVerifier [0x00F065E0+506064]
GetHandleVerifier [0x00F0D188+533624]
GetHandleVerifier [0x00F0701A+508682]
Ordinal0 [0x00DFC226+1032742]
Ordinal0 [0x00DFC09F+1032351]
Ordinal0 [0x00E06A4B+1075787]
Ordinal0 [0x00E06BB3+1076147]
Ordinal0 [0x00E05B65+1071973]
BaseThreadInitThunk [0x762060C9+25]
RtlGetAppContainerNamedObjectPath [0x772A7A94+228]
RtlGetAppContainerNamedObjectPath [0x772A7A64+180]

at sun.reflect.NativeConstructorAccessorImpl.newInstance0(Native Method)
at sun.reflect.NativeConstructorAccessorImpl.newInstance(NativeConstructorAccessorImpl.java:62)
at sun.reflect.DelegatingConstructorAccessorImpl.newInstance(DelegatingConstructorAccessorImpl.java:45)
at java.lang.reflect.Constructor.newInstance(Constructor.java:423)
at org.openqa.selenium.remote.W3CHandshakeResponse.lambda$errorHandler$0(W3CHandshakeResponse.java:62)
at org.openqa.selenium.remote.HandshakeResponse.lambda$getResponseFunction$0(HandshakeResponse.java:30)
at org.openqa.selenium.remote.ProtocolHandshake.lambda$createSession$1(ProtocolHandshake.java:127)
at java.util.stream.ReferencePipeline$3$1.accept(ReferencePipeline.java:193)
at java.util.Spliterators$ArraySpliterator.tryAdvance(Spliterators.java:958)
at java.util.stream.ReferencePipeline.forEachWithCancel(ReferencePipeline.java:126)
at java.util.stream.AbstractPipeline.copyIntoWithCancel(AbstractPipeline.java:499)
at java.util.stream.AbstractPipeline.copyInto(AbstractPipeline.java:486)
at java.util.stream.AbstractPipeline.wrapAndCopyInto(AbstractPipeline.java:472)
at java.util.stream.FindOps$FindOp.evaluateSequential(FindOps.java:152)
at java.util.stream.AbstractPipeline.evaluate(AbstractPipeline.java:234)
at java.util.stream.ReferencePipeline.findFirst(ReferencePipeline.java:464)
at org.openqa.selenium.remote.ProtocolHandshake.createSession(ProtocolHandshake.java:129)
at org.openqa.selenium.remote.ProtocolHandshake.createSession(ProtocolHandshake.java:75)
at org.openqa.selenium.remote.HttpCommandExecutor.execute(HttpCommandExecutor.java:139)
at org.openqa.selenium.remote.service.DriverCommandExecutor.execute(DriverCommandExecutor.java:83)
at org.openqa.selenium.remote.RemoteWebDriver.execute(RemoteWebDriver.java:576)
at org.openqa.selenium.remote.RemoteWebDriver.startSession(RemoteWebDriver.java:210)
at org.openqa.selenium.remote.RemoteWebDriver.<init>(RemoteWebDriver.java:130)
at org.openqa.selenium.chrome.ChromeDriver.<init>(ChromeDriver.java:181)
at org.openqa.selenium.chrome.ChromeDriver.<init>(ChromeDriver.java:168)
at org.openqa.selenium.chrome.ChromeDriver.<init>(ChromeDriver.java:123)
at com.atmecs.phptravelsautomation.testbase.TestBase.intitailizeBrowser(TestBase.java:39)
at sun.reflect.NativeMethodAccessorImpl.invoke0(Native Method)
at sun.reflect.NativeMethodAccessorImpl.invoke(NativeMethodAccessorImpl.java:62)
at sun.reflect.DelegatingMethodAccessorImpl.invoke(DelegatingMethodAccessorImpl.java:43)
at java.lang.reflect.Method.invoke(Method.java:498)
at org.testng.internal.MethodInvocationHelper.invokeMethod(MethodInvocationHelper.java:124)
at org.testng.internal.MethodInvocationHelper.invokeMethodConsideringTimeout(MethodInvocationHelper.java:59)
at org.testng.internal.Invoker.invokeConfigurationMethod(Invoker.java:458)
at org.testng.internal.Invoker.invokeConfigurations(Invoker.java:222)
at org.testng.internal.Invoker.invokeConfigurations(Invoker.java:142)
at org.testng.SuiteRunner.privateRun(SuiteRunner.java:401)
at org.testng.SuiteRunner.run(SuiteRunner.java:364)
at org.testng.SuiteRunnerWorker.runSuite(SuiteRunnerWorker.java:52)
at org.testng.SuiteRunnerWorker.run(SuiteRunnerWorker.java:84)
at org.testng.TestNG.runSuitesSequentially(TestNG.java:1208)
at org.testng.TestNG.runSuitesSequentially(TestNG.java:1204)
at org.testng.TestNG.runSuitesLocally(TestNG.java:1137)
at org.testng.TestNG.runSuites(TestNG.java:1049)
at org.testng.TestNG.run(TestNG.java:1017)
at org.apache.maven.surefire.testng.TestNGExecutor.run(TestNGExecutor.java:283)
at org.apache.maven.surefire.testng.TestNGXmlTestSuite.execute(TestNGXmlTestSuite.java:75)
at org.apache.maven.surefire.testng.TestNGProvider.invoke(TestNGProvider.java:120)
at org.apache.maven.surefire.booter.ForkedBooter.invokeProviderInSameClassLoader(ForkedBooter.java:384)
at org.apache.maven.surefire.booter.ForkedBooter.runSuitesInProcess(ForkedBooter.java:345)
at org.apache.maven.surefire.booter.ForkedBooter.execute(ForkedBooter.java:126)
at org.apache.maven.surefire.booter.ForkedBooter.main(ForkedBooter.java:418)
]]>
            </full-stacktrace>
          </exception> <!-- org.openqa.selenium.WebDriverException -->
          <reporter-output>
          </reporter-output>
        </test-method> <!-- guestInfoInput -->
        <test-method status="SKIP" signature="tearDown(org.testng.ITestResult)[pri:0, instance:com.atmecs.phptravels.testscripts.InvoicePageTest@48eff760]" name="tearDown" is-config="true" duration-ms="0" started-at="2019-09-20T10:50:45Z" finished-at="2019-09-20T10:50:45Z">
          <reporter-output>
          </reporter-output>
        </test-method> <!-- tearDown -->
        <test-method status="SKIP" signature="amountValidateAfterAddingExtra()[pri:6, instance:com.atmecs.phptravels.testscripts.InvoicePageTest@48eff760]" name="amountValidateAfterAddingExtra" duration-ms="0" started-at="2019-09-20T10:50:45Z" finished-at="2019-09-20T10:50:45Z">
          <exception class="org.openqa.selenium.WebDriverException">
            <message>
              <![CDATA[unknown error: cannot find Chrome binary
Build info: version: '4.0.0-alpha-2', revision: 'f148142cf8', time: '2019-07-01T20:55:26'
System info: host: 'ATMECSINLT-087', ip: '55.55.52.203', os.name: 'Windows 10', os.arch: 'amd64', os.version: '10.0', java.version: '1.8.0_221'
Driver info: driver.version: ChromeDriver
remote stacktrace: Backtrace:
Ordinal0 [0x00E67C53+1473619]
Ordinal0 [0x00DEAD71+961905]
Ordinal0 [0x00D742B3+475827]
Ordinal0 [0x00D0B77B+46971]
Ordinal0 [0x00D29149+168265]
Ordinal0 [0x00D28D1D+167197]
Ordinal0 [0x00D2742B+160811]
Ordinal0 [0x00D10AE6+68326]
Ordinal0 [0x00D11BF0+72688]
Ordinal0 [0x00D11B89+72585]
Ordinal0 [0x00E04B37+1067831]
GetHandleVerifier [0x00F06845+506677]
GetHandleVerifier [0x00F065E0+506064]
GetHandleVerifier [0x00F0D188+533624]
GetHandleVerifier [0x00F0701A+508682]
Ordinal0 [0x00DFC226+1032742]
Ordinal0 [0x00DFC09F+1032351]
Ordinal0 [0x00E06A4B+1075787]
Ordinal0 [0x00E06BB3+1076147]
Ordinal0 [0x00E05B65+1071973]
BaseThreadInitThunk [0x762060C9+25]
RtlGetAppContainerNamedObjectPath [0x772A7A94+228]
RtlGetAppContainerNamedObjectPath [0x772A7A64+180]
]]>
            </message>
            <full-stacktrace>
              <![CDATA[org.openqa.selenium.WebDriverException: unknown error: cannot find Chrome binary
Build info: version: '4.0.0-alpha-2', revision: 'f148142cf8', time: '2019-07-01T20:55:26'
System info: host: 'ATMECSINLT-087', ip: '55.55.52.203', os.name: 'Windows 10', os.arch: 'amd64', os.version: '10.0', java.version: '1.8.0_221'
Driver info: driver.version: ChromeDriver
remote stacktrace: Backtrace:
Ordinal0 [0x00E67C53+1473619]
Ordinal0 [0x00DEAD71+961905]
Ordinal0 [0x00D742B3+475827]
Ordinal0 [0x00D0B77B+46971]
Ordinal0 [0x00D29149+168265]
Ordinal0 [0x00D28D1D+167197]
Ordinal0 [0x00D2742B+160811]
Ordinal0 [0x00D10AE6+68326]
Ordinal0 [0x00D11BF0+72688]
Ordinal0 [0x00D11B89+72585]
Ordinal0 [0x00E04B37+1067831]
GetHandleVerifier [0x00F06845+506677]
GetHandleVerifier [0x00F065E0+506064]
GetHandleVerifier [0x00F0D188+533624]
GetHandleVerifier [0x00F0701A+508682]
Ordinal0 [0x00DFC226+1032742]
Ordinal0 [0x00DFC09F+1032351]
Ordinal0 [0x00E06A4B+1075787]
Ordinal0 [0x00E06BB3+1076147]
Ordinal0 [0x00E05B65+1071973]
BaseThreadInitThunk [0x762060C9+25]
RtlGetAppContainerNamedObjectPath [0x772A7A94+228]
RtlGetAppContainerNamedObjectPath [0x772A7A64+180]

at sun.reflect.NativeConstructorAccessorImpl.newInstance0(Native Method)
at sun.reflect.NativeConstructorAccessorImpl.newInstance(NativeConstructorAccessorImpl.java:62)
at sun.reflect.DelegatingConstructorAccessorImpl.newInstance(DelegatingConstructorAccessorImpl.java:45)
at java.lang.reflect.Constructor.newInstance(Constructor.java:423)
at org.openqa.selenium.remote.W3CHandshakeResponse.lambda$errorHandler$0(W3CHandshakeResponse.java:62)
at org.openqa.selenium.remote.HandshakeResponse.lambda$getResponseFunction$0(HandshakeResponse.java:30)
at org.openqa.selenium.remote.ProtocolHandshake.lambda$createSession$1(ProtocolHandshake.java:127)
at java.util.stream.ReferencePipeline$3$1.accept(ReferencePipeline.java:193)
at java.util.Spliterators$ArraySpliterator.tryAdvance(Spliterators.java:958)
at java.util.stream.ReferencePipeline.forEachWithCancel(ReferencePipeline.java:126)
at java.util.stream.AbstractPipeline.copyIntoWithCancel(AbstractPipeline.java:499)
at java.util.stream.AbstractPipeline.copyInto(AbstractPipeline.java:486)
at java.util.stream.AbstractPipeline.wrapAndCopyInto(AbstractPipeline.java:472)
at java.util.stream.FindOps$FindOp.evaluateSequential(FindOps.java:152)
at java.util.stream.AbstractPipeline.evaluate(AbstractPipeline.java:234)
at java.util.stream.ReferencePipeline.findFirst(ReferencePipeline.java:464)
at org.openqa.selenium.remote.ProtocolHandshake.createSession(ProtocolHandshake.java:129)
at org.openqa.selenium.remote.ProtocolHandshake.createSession(ProtocolHandshake.java:75)
at org.openqa.selenium.remote.HttpCommandExecutor.execute(HttpCommandExecutor.java:139)
at org.openqa.selenium.remote.service.DriverCommandExecutor.execute(DriverCommandExecutor.java:83)
at org.openqa.selenium.remote.RemoteWebDriver.execute(RemoteWebDriver.java:576)
at org.openqa.selenium.remote.RemoteWebDriver.startSession(RemoteWebDriver.java:210)
at org.openqa.selenium.remote.RemoteWebDriver.<init>(RemoteWebDriver.java:130)
at org.openqa.selenium.chrome.ChromeDriver.<init>(ChromeDriver.java:181)
at org.openqa.selenium.chrome.ChromeDriver.<init>(ChromeDriver.java:168)
at org.openqa.selenium.chrome.ChromeDriver.<init>(ChromeDriver.java:123)
at com.atmecs.phptravelsautomation.testbase.TestBase.intitailizeBrowser(TestBase.java:39)
at sun.reflect.NativeMethodAccessorImpl.invoke0(Native Method)
at sun.reflect.NativeMethodAccessorImpl.invoke(NativeMethodAccessorImpl.java:62)
at sun.reflect.DelegatingMethodAccessorImpl.invoke(DelegatingMethodAccessorImpl.java:43)
at java.lang.reflect.Method.invoke(Method.java:498)
at org.testng.internal.MethodInvocationHelper.invokeMethod(MethodInvocationHelper.java:124)
at org.testng.internal.MethodInvocationHelper.invokeMethodConsideringTimeout(MethodInvocationHelper.java:59)
at org.testng.internal.Invoker.invokeConfigurationMethod(Invoker.java:458)
at org.testng.internal.Invoker.invokeConfigurations(Invoker.java:222)
at org.testng.internal.Invoker.invokeConfigurations(Invoker.java:142)
at org.testng.SuiteRunner.privateRun(SuiteRunner.java:401)
at org.testng.SuiteRunner.run(SuiteRunner.java:364)
at org.testng.SuiteRunnerWorker.runSuite(SuiteRunnerWorker.java:52)
at org.testng.SuiteRunnerWorker.run(SuiteRunnerWorker.java:84)
at org.testng.TestNG.runSuitesSequentially(TestNG.java:1208)
at org.testng.TestNG.runSuitesSequentially(TestNG.java:1204)
at org.testng.TestNG.runSuitesLocally(TestNG.java:1137)
at org.testng.TestNG.runSuites(TestNG.java:1049)
at org.testng.TestNG.run(TestNG.java:1017)
at org.apache.maven.surefire.testng.TestNGExecutor.run(TestNGExecutor.java:283)
at org.apache.maven.surefire.testng.TestNGXmlTestSuite.execute(TestNGXmlTestSuite.java:75)
at org.apache.maven.surefire.testng.TestNGProvider.invoke(TestNGProvider.java:120)
at org.apache.maven.surefire.booter.ForkedBooter.invokeProviderInSameClassLoader(ForkedBooter.java:384)
at org.apache.maven.surefire.booter.ForkedBooter.runSuitesInProcess(ForkedBooter.java:345)
at org.apache.maven.surefire.booter.ForkedBooter.execute(ForkedBooter.java:126)
at org.apache.maven.surefire.booter.ForkedBooter.main(ForkedBooter.java:418)
]]>
            </full-stacktrace>
          </exception> <!-- org.openqa.selenium.WebDriverException -->
          <reporter-output>
          </reporter-output>
        </test-method> <!-- amountValidateAfterAddingExtra -->
        <test-method status="SKIP" signature="tearDown(org.testng.ITestResult)[pri:0, instance:com.atmecs.phptravels.testscripts.InvoicePageTest@48eff760]" name="tearDown" is-config="true" duration-ms="0" started-at="2019-09-20T10:50:45Z" finished-at="2019-09-20T10:50:45Z">
          <reporter-output>
          </reporter-output>
        </test-method> <!-- tearDown -->
        <test-method status="SKIP" signature="tourNameValidate()[pri:7, instance:com.atmecs.phptravels.testscripts.InvoicePageTest@48eff760]" name="tourNameValidate" duration-ms="0" started-at="2019-09-20T10:50:45Z" finished-at="2019-09-20T10:50:45Z">
          <exception class="org.openqa.selenium.WebDriverException">
            <message>
              <![CDATA[unknown error: cannot find Chrome binary
Build info: version: '4.0.0-alpha-2', revision: 'f148142cf8', time: '2019-07-01T20:55:26'
System info: host: 'ATMECSINLT-087', ip: '55.55.52.203', os.name: 'Windows 10', os.arch: 'amd64', os.version: '10.0', java.version: '1.8.0_221'
Driver info: driver.version: ChromeDriver
remote stacktrace: Backtrace:
Ordinal0 [0x00E67C53+1473619]
Ordinal0 [0x00DEAD71+961905]
Ordinal0 [0x00D742B3+475827]
Ordinal0 [0x00D0B77B+46971]
Ordinal0 [0x00D29149+168265]
Ordinal0 [0x00D28D1D+167197]
Ordinal0 [0x00D2742B+160811]
Ordinal0 [0x00D10AE6+68326]
Ordinal0 [0x00D11BF0+72688]
Ordinal0 [0x00D11B89+72585]
Ordinal0 [0x00E04B37+1067831]
GetHandleVerifier [0x00F06845+506677]
GetHandleVerifier [0x00F065E0+506064]
GetHandleVerifier [0x00F0D188+533624]
GetHandleVerifier [0x00F0701A+508682]
Ordinal0 [0x00DFC226+1032742]
Ordinal0 [0x00DFC09F+1032351]
Ordinal0 [0x00E06A4B+1075787]
Ordinal0 [0x00E06BB3+1076147]
Ordinal0 [0x00E05B65+1071973]
BaseThreadInitThunk [0x762060C9+25]
RtlGetAppContainerNamedObjectPath [0x772A7A94+228]
RtlGetAppContainerNamedObjectPath [0x772A7A64+180]
]]>
            </message>
            <full-stacktrace>
              <![CDATA[org.openqa.selenium.WebDriverException: unknown error: cannot find Chrome binary
Build info: version: '4.0.0-alpha-2', revision: 'f148142cf8', time: '2019-07-01T20:55:26'
System info: host: 'ATMECSINLT-087', ip: '55.55.52.203', os.name: 'Windows 10', os.arch: 'amd64', os.version: '10.0', java.version: '1.8.0_221'
Driver info: driver.version: ChromeDriver
remote stacktrace: Backtrace:
Ordinal0 [0x00E67C53+1473619]
Ordinal0 [0x00DEAD71+961905]
Ordinal0 [0x00D742B3+475827]
Ordinal0 [0x00D0B77B+46971]
Ordinal0 [0x00D29149+168265]
Ordinal0 [0x00D28D1D+167197]
Ordinal0 [0x00D2742B+160811]
Ordinal0 [0x00D10AE6+68326]
Ordinal0 [0x00D11BF0+72688]
Ordinal0 [0x00D11B89+72585]
Ordinal0 [0x00E04B37+1067831]
GetHandleVerifier [0x00F06845+506677]
GetHandleVerifier [0x00F065E0+506064]
GetHandleVerifier [0x00F0D188+533624]
GetHandleVerifier [0x00F0701A+508682]
Ordinal0 [0x00DFC226+1032742]
Ordinal0 [0x00DFC09F+1032351]
Ordinal0 [0x00E06A4B+1075787]
Ordinal0 [0x00E06BB3+1076147]
Ordinal0 [0x00E05B65+1071973]
BaseThreadInitThunk [0x762060C9+25]
RtlGetAppContainerNamedObjectPath [0x772A7A94+228]
RtlGetAppContainerNamedObjectPath [0x772A7A64+180]

at sun.reflect.NativeConstructorAccessorImpl.newInstance0(Native Method)
at sun.reflect.NativeConstructorAccessorImpl.newInstance(NativeConstructorAccessorImpl.java:62)
at sun.reflect.DelegatingConstructorAccessorImpl.newInstance(DelegatingConstructorAccessorImpl.java:45)
at java.lang.reflect.Constructor.newInstance(Constructor.java:423)
at org.openqa.selenium.remote.W3CHandshakeResponse.lambda$errorHandler$0(W3CHandshakeResponse.java:62)
at org.openqa.selenium.remote.HandshakeResponse.lambda$getResponseFunction$0(HandshakeResponse.java:30)
at org.openqa.selenium.remote.ProtocolHandshake.lambda$createSession$1(ProtocolHandshake.java:127)
at java.util.stream.ReferencePipeline$3$1.accept(ReferencePipeline.java:193)
at java.util.Spliterators$ArraySpliterator.tryAdvance(Spliterators.java:958)
at java.util.stream.ReferencePipeline.forEachWithCancel(ReferencePipeline.java:126)
at java.util.stream.AbstractPipeline.copyIntoWithCancel(AbstractPipeline.java:499)
at java.util.stream.AbstractPipeline.copyInto(AbstractPipeline.java:486)
at java.util.stream.AbstractPipeline.wrapAndCopyInto(AbstractPipeline.java:472)
at java.util.stream.FindOps$FindOp.evaluateSequential(FindOps.java:152)
at java.util.stream.AbstractPipeline.evaluate(AbstractPipeline.java:234)
at java.util.stream.ReferencePipeline.findFirst(ReferencePipeline.java:464)
at org.openqa.selenium.remote.ProtocolHandshake.createSession(ProtocolHandshake.java:129)
at org.openqa.selenium.remote.ProtocolHandshake.createSession(ProtocolHandshake.java:75)
at org.openqa.selenium.remote.HttpCommandExecutor.execute(HttpCommandExecutor.java:139)
at org.openqa.selenium.remote.service.DriverCommandExecutor.execute(DriverCommandExecutor.java:83)
at org.openqa.selenium.remote.RemoteWebDriver.execute(RemoteWebDriver.java:576)
at org.openqa.selenium.remote.RemoteWebDriver.startSession(RemoteWebDriver.java:210)
at org.openqa.selenium.remote.RemoteWebDriver.<init>(RemoteWebDriver.java:130)
at org.openqa.selenium.chrome.ChromeDriver.<init>(ChromeDriver.java:181)
at org.openqa.selenium.chrome.ChromeDriver.<init>(ChromeDriver.java:168)
at org.openqa.selenium.chrome.ChromeDriver.<init>(ChromeDriver.java:123)
at com.atmecs.phptravelsautomation.testbase.TestBase.intitailizeBrowser(TestBase.java:39)
at sun.reflect.NativeMethodAccessorImpl.invoke0(Native Method)
at sun.reflect.NativeMethodAccessorImpl.invoke(NativeMethodAccessorImpl.java:62)
at sun.reflect.DelegatingMethodAccessorImpl.invoke(DelegatingMethodAccessorImpl.java:43)
at java.lang.reflect.Method.invoke(Method.java:498)
at org.testng.internal.MethodInvocationHelper.invokeMethod(MethodInvocationHelper.java:124)
at org.testng.internal.MethodInvocationHelper.invokeMethodConsideringTimeout(MethodInvocationHelper.java:59)
at org.testng.internal.Invoker.invokeConfigurationMethod(Invoker.java:458)
at org.testng.internal.Invoker.invokeConfigurations(Invoker.java:222)
at org.testng.internal.Invoker.invokeConfigurations(Invoker.java:142)
at org.testng.SuiteRunner.privateRun(SuiteRunner.java:401)
at org.testng.SuiteRunner.run(SuiteRunner.java:364)
at org.testng.SuiteRunnerWorker.runSuite(SuiteRunnerWorker.java:52)
at org.testng.SuiteRunnerWorker.run(SuiteRunnerWorker.java:84)
at org.testng.TestNG.runSuitesSequentially(TestNG.java:1208)
at org.testng.TestNG.runSuitesSequentially(TestNG.java:1204)
at org.testng.TestNG.runSuitesLocally(TestNG.java:1137)
at org.testng.TestNG.runSuites(TestNG.java:1049)
at org.testng.TestNG.run(TestNG.java:1017)
at org.apache.maven.surefire.testng.TestNGExecutor.run(TestNGExecutor.java:283)
at org.apache.maven.surefire.testng.TestNGXmlTestSuite.execute(TestNGXmlTestSuite.java:75)
at org.apache.maven.surefire.testng.TestNGProvider.invoke(TestNGProvider.java:120)
at org.apache.maven.surefire.booter.ForkedBooter.invokeProviderInSameClassLoader(ForkedBooter.java:384)
at org.apache.maven.surefire.booter.ForkedBooter.runSuitesInProcess(ForkedBooter.java:345)
at org.apache.maven.surefire.booter.ForkedBooter.execute(ForkedBooter.java:126)
at org.apache.maven.surefire.booter.ForkedBooter.main(ForkedBooter.java:418)
]]>
            </full-stacktrace>
          </exception> <!-- org.openqa.selenium.WebDriverException -->
          <reporter-output>
          </reporter-output>
        </test-method> <!-- tourNameValidate -->
        <test-method status="SKIP" signature="tearDown(org.testng.ITestResult)[pri:0, instance:com.atmecs.phptravels.testscripts.InvoicePageTest@48eff760]" name="tearDown" is-config="true" duration-ms="0" started-at="2019-09-20T10:50:45Z" finished-at="2019-09-20T10:50:45Z">
          <reporter-output>
          </reporter-output>
        </test-method> <!-- tearDown -->
        <test-method status="SKIP" signature="amountValidateBeforeAddingExtra()[pri:8, instance:com.atmecs.phptravels.testscripts.InvoicePageTest@48eff760]" name="amountValidateBeforeAddingExtra" duration-ms="0" started-at="2019-09-20T10:50:45Z" finished-at="2019-09-20T10:50:45Z">
          <exception class="org.openqa.selenium.WebDriverException">
            <message>
              <![CDATA[unknown error: cannot find Chrome binary
Build info: version: '4.0.0-alpha-2', revision: 'f148142cf8', time: '2019-07-01T20:55:26'
System info: host: 'ATMECSINLT-087', ip: '55.55.52.203', os.name: 'Windows 10', os.arch: 'amd64', os.version: '10.0', java.version: '1.8.0_221'
Driver info: driver.version: ChromeDriver
remote stacktrace: Backtrace:
Ordinal0 [0x00E67C53+1473619]
Ordinal0 [0x00DEAD71+961905]
Ordinal0 [0x00D742B3+475827]
Ordinal0 [0x00D0B77B+46971]
Ordinal0 [0x00D29149+168265]
Ordinal0 [0x00D28D1D+167197]
Ordinal0 [0x00D2742B+160811]
Ordinal0 [0x00D10AE6+68326]
Ordinal0 [0x00D11BF0+72688]
Ordinal0 [0x00D11B89+72585]
Ordinal0 [0x00E04B37+1067831]
GetHandleVerifier [0x00F06845+506677]
GetHandleVerifier [0x00F065E0+506064]
GetHandleVerifier [0x00F0D188+533624]
GetHandleVerifier [0x00F0701A+508682]
Ordinal0 [0x00DFC226+1032742]
Ordinal0 [0x00DFC09F+1032351]
Ordinal0 [0x00E06A4B+1075787]
Ordinal0 [0x00E06BB3+1076147]
Ordinal0 [0x00E05B65+1071973]
BaseThreadInitThunk [0x762060C9+25]
RtlGetAppContainerNamedObjectPath [0x772A7A94+228]
RtlGetAppContainerNamedObjectPath [0x772A7A64+180]
]]>
            </message>
            <full-stacktrace>
              <![CDATA[org.openqa.selenium.WebDriverException: unknown error: cannot find Chrome binary
Build info: version: '4.0.0-alpha-2', revision: 'f148142cf8', time: '2019-07-01T20:55:26'
System info: host: 'ATMECSINLT-087', ip: '55.55.52.203', os.name: 'Windows 10', os.arch: 'amd64', os.version: '10.0', java.version: '1.8.0_221'
Driver info: driver.version: ChromeDriver
remote stacktrace: Backtrace:
Ordinal0 [0x00E67C53+1473619]
Ordinal0 [0x00DEAD71+961905]
Ordinal0 [0x00D742B3+475827]
Ordinal0 [0x00D0B77B+46971]
Ordinal0 [0x00D29149+168265]
Ordinal0 [0x00D28D1D+167197]
Ordinal0 [0x00D2742B+160811]
Ordinal0 [0x00D10AE6+68326]
Ordinal0 [0x00D11BF0+72688]
Ordinal0 [0x00D11B89+72585]
Ordinal0 [0x00E04B37+1067831]
GetHandleVerifier [0x00F06845+506677]
GetHandleVerifier [0x00F065E0+506064]
GetHandleVerifier [0x00F0D188+533624]
GetHandleVerifier [0x00F0701A+508682]
Ordinal0 [0x00DFC226+1032742]
Ordinal0 [0x00DFC09F+1032351]
Ordinal0 [0x00E06A4B+1075787]
Ordinal0 [0x00E06BB3+1076147]
Ordinal0 [0x00E05B65+1071973]
BaseThreadInitThunk [0x762060C9+25]
RtlGetAppContainerNamedObjectPath [0x772A7A94+228]
RtlGetAppContainerNamedObjectPath [0x772A7A64+180]

at sun.reflect.NativeConstructorAccessorImpl.newInstance0(Native Method)
at sun.reflect.NativeConstructorAccessorImpl.newInstance(NativeConstructorAccessorImpl.java:62)
at sun.reflect.DelegatingConstructorAccessorImpl.newInstance(DelegatingConstructorAccessorImpl.java:45)
at java.lang.reflect.Constructor.newInstance(Constructor.java:423)
at org.openqa.selenium.remote.W3CHandshakeResponse.lambda$errorHandler$0(W3CHandshakeResponse.java:62)
at org.openqa.selenium.remote.HandshakeResponse.lambda$getResponseFunction$0(HandshakeResponse.java:30)
at org.openqa.selenium.remote.ProtocolHandshake.lambda$createSession$1(ProtocolHandshake.java:127)
at java.util.stream.ReferencePipeline$3$1.accept(ReferencePipeline.java:193)
at java.util.Spliterators$ArraySpliterator.tryAdvance(Spliterators.java:958)
at java.util.stream.ReferencePipeline.forEachWithCancel(ReferencePipeline.java:126)
at java.util.stream.AbstractPipeline.copyIntoWithCancel(AbstractPipeline.java:499)
at java.util.stream.AbstractPipeline.copyInto(AbstractPipeline.java:486)
at java.util.stream.AbstractPipeline.wrapAndCopyInto(AbstractPipeline.java:472)
at java.util.stream.FindOps$FindOp.evaluateSequential(FindOps.java:152)
at java.util.stream.AbstractPipeline.evaluate(AbstractPipeline.java:234)
at java.util.stream.ReferencePipeline.findFirst(ReferencePipeline.java:464)
at org.openqa.selenium.remote.ProtocolHandshake.createSession(ProtocolHandshake.java:129)
at org.openqa.selenium.remote.ProtocolHandshake.createSession(ProtocolHandshake.java:75)
at org.openqa.selenium.remote.HttpCommandExecutor.execute(HttpCommandExecutor.java:139)
at org.openqa.selenium.remote.service.DriverCommandExecutor.execute(DriverCommandExecutor.java:83)
at org.openqa.selenium.remote.RemoteWebDriver.execute(RemoteWebDriver.java:576)
at org.openqa.selenium.remote.RemoteWebDriver.startSession(RemoteWebDriver.java:210)
at org.openqa.selenium.remote.RemoteWebDriver.<init>(RemoteWebDriver.java:130)
at org.openqa.selenium.chrome.ChromeDriver.<init>(ChromeDriver.java:181)
at org.openqa.selenium.chrome.ChromeDriver.<init>(ChromeDriver.java:168)
at org.openqa.selenium.chrome.ChromeDriver.<init>(ChromeDriver.java:123)
at com.atmecs.phptravelsautomation.testbase.TestBase.intitailizeBrowser(TestBase.java:39)
at sun.reflect.NativeMethodAccessorImpl.invoke0(Native Method)
at sun.reflect.NativeMethodAccessorImpl.invoke(NativeMethodAccessorImpl.java:62)
at sun.reflect.DelegatingMethodAccessorImpl.invoke(DelegatingMethodAccessorImpl.java:43)
at java.lang.reflect.Method.invoke(Method.java:498)
at org.testng.internal.MethodInvocationHelper.invokeMethod(MethodInvocationHelper.java:124)
at org.testng.internal.MethodInvocationHelper.invokeMethodConsideringTimeout(MethodInvocationHelper.java:59)
at org.testng.internal.Invoker.invokeConfigurationMethod(Invoker.java:458)
at org.testng.internal.Invoker.invokeConfigurations(Invoker.java:222)
at org.testng.internal.Invoker.invokeConfigurations(Invoker.java:142)
at org.testng.SuiteRunner.privateRun(SuiteRunner.java:401)
at org.testng.SuiteRunner.run(SuiteRunner.java:364)
at org.testng.SuiteRunnerWorker.runSuite(SuiteRunnerWorker.java:52)
at org.testng.SuiteRunnerWorker.run(SuiteRunnerWorker.java:84)
at org.testng.TestNG.runSuitesSequentially(TestNG.java:1208)
at org.testng.TestNG.runSuitesSequentially(TestNG.java:1204)
at org.testng.TestNG.runSuitesLocally(TestNG.java:1137)
at org.testng.TestNG.runSuites(TestNG.java:1049)
at org.testng.TestNG.run(TestNG.java:1017)
at org.apache.maven.surefire.testng.TestNGExecutor.run(TestNGExecutor.java:283)
at org.apache.maven.surefire.testng.TestNGXmlTestSuite.execute(TestNGXmlTestSuite.java:75)
at org.apache.maven.surefire.testng.TestNGProvider.invoke(TestNGProvider.java:120)
at org.apache.maven.surefire.booter.ForkedBooter.invokeProviderInSameClassLoader(ForkedBooter.java:384)
at org.apache.maven.surefire.booter.ForkedBooter.runSuitesInProcess(ForkedBooter.java:345)
at org.apache.maven.surefire.booter.ForkedBooter.execute(ForkedBooter.java:126)
at org.apache.maven.surefire.booter.ForkedBooter.main(ForkedBooter.java:418)
]]>
            </full-stacktrace>
          </exception> <!-- org.openqa.selenium.WebDriverException -->
          <reporter-output>
          </reporter-output>
        </test-method> <!-- amountValidateBeforeAddingExtra -->
        <test-method status="SKIP" signature="tearDown(org.testng.ITestResult)[pri:0, instance:com.atmecs.phptravels.testscripts.InvoicePageTest@48eff760]" name="tearDown" is-config="true" duration-ms="0" started-at="2019-09-20T10:50:45Z" finished-at="2019-09-20T10:50:45Z">
          <reporter-output>
          </reporter-output>
        </test-method> <!-- tearDown -->
        <test-method status="SKIP" signature="invoicePageValidate()[pri:9, instance:com.atmecs.phptravels.testscripts.InvoicePageTest@48eff760]" name="invoicePageValidate" duration-ms="0" started-at="2019-09-20T10:50:45Z" finished-at="2019-09-20T10:50:45Z">
          <exception class="org.openqa.selenium.WebDriverException">
            <message>
              <![CDATA[unknown error: cannot find Chrome binary
Build info: version: '4.0.0-alpha-2', revision: 'f148142cf8', time: '2019-07-01T20:55:26'
System info: host: 'ATMECSINLT-087', ip: '55.55.52.203', os.name: 'Windows 10', os.arch: 'amd64', os.version: '10.0', java.version: '1.8.0_221'
Driver info: driver.version: ChromeDriver
remote stacktrace: Backtrace:
Ordinal0 [0x00E67C53+1473619]
Ordinal0 [0x00DEAD71+961905]
Ordinal0 [0x00D742B3+475827]
Ordinal0 [0x00D0B77B+46971]
Ordinal0 [0x00D29149+168265]
Ordinal0 [0x00D28D1D+167197]
Ordinal0 [0x00D2742B+160811]
Ordinal0 [0x00D10AE6+68326]
Ordinal0 [0x00D11BF0+72688]
Ordinal0 [0x00D11B89+72585]
Ordinal0 [0x00E04B37+1067831]
GetHandleVerifier [0x00F06845+506677]
GetHandleVerifier [0x00F065E0+506064]
GetHandleVerifier [0x00F0D188+533624]
GetHandleVerifier [0x00F0701A+508682]
Ordinal0 [0x00DFC226+1032742]
Ordinal0 [0x00DFC09F+1032351]
Ordinal0 [0x00E06A4B+1075787]
Ordinal0 [0x00E06BB3+1076147]
Ordinal0 [0x00E05B65+1071973]
BaseThreadInitThunk [0x762060C9+25]
RtlGetAppContainerNamedObjectPath [0x772A7A94+228]
RtlGetAppContainerNamedObjectPath [0x772A7A64+180]
]]>
            </message>
            <full-stacktrace>
              <![CDATA[org.openqa.selenium.WebDriverException: unknown error: cannot find Chrome binary
Build info: version: '4.0.0-alpha-2', revision: 'f148142cf8', time: '2019-07-01T20:55:26'
System info: host: 'ATMECSINLT-087', ip: '55.55.52.203', os.name: 'Windows 10', os.arch: 'amd64', os.version: '10.0', java.version: '1.8.0_221'
Driver info: driver.version: ChromeDriver
remote stacktrace: Backtrace:
Ordinal0 [0x00E67C53+1473619]
Ordinal0 [0x00DEAD71+961905]
Ordinal0 [0x00D742B3+475827]
Ordinal0 [0x00D0B77B+46971]
Ordinal0 [0x00D29149+168265]
Ordinal0 [0x00D28D1D+167197]
Ordinal0 [0x00D2742B+160811]
Ordinal0 [0x00D10AE6+68326]
Ordinal0 [0x00D11BF0+72688]
Ordinal0 [0x00D11B89+72585]
Ordinal0 [0x00E04B37+1067831]
GetHandleVerifier [0x00F06845+506677]
GetHandleVerifier [0x00F065E0+506064]
GetHandleVerifier [0x00F0D188+533624]
GetHandleVerifier [0x00F0701A+508682]
Ordinal0 [0x00DFC226+1032742]
Ordinal0 [0x00DFC09F+1032351]
Ordinal0 [0x00E06A4B+1075787]
Ordinal0 [0x00E06BB3+1076147]
Ordinal0 [0x00E05B65+1071973]
BaseThreadInitThunk [0x762060C9+25]
RtlGetAppContainerNamedObjectPath [0x772A7A94+228]
RtlGetAppContainerNamedObjectPath [0x772A7A64+180]

at sun.reflect.NativeConstructorAccessorImpl.newInstance0(Native Method)
at sun.reflect.NativeConstructorAccessorImpl.newInstance(NativeConstructorAccessorImpl.java:62)
at sun.reflect.DelegatingConstructorAccessorImpl.newInstance(DelegatingConstructorAccessorImpl.java:45)
at java.lang.reflect.Constructor.newInstance(Constructor.java:423)
at org.openqa.selenium.remote.W3CHandshakeResponse.lambda$errorHandler$0(W3CHandshakeResponse.java:62)
at org.openqa.selenium.remote.HandshakeResponse.lambda$getResponseFunction$0(HandshakeResponse.java:30)
at org.openqa.selenium.remote.ProtocolHandshake.lambda$createSession$1(ProtocolHandshake.java:127)
at java.util.stream.ReferencePipeline$3$1.accept(ReferencePipeline.java:193)
at java.util.Spliterators$ArraySpliterator.tryAdvance(Spliterators.java:958)
at java.util.stream.ReferencePipeline.forEachWithCancel(ReferencePipeline.java:126)
at java.util.stream.AbstractPipeline.copyIntoWithCancel(AbstractPipeline.java:499)
at java.util.stream.AbstractPipeline.copyInto(AbstractPipeline.java:486)
at java.util.stream.AbstractPipeline.wrapAndCopyInto(AbstractPipeline.java:472)
at java.util.stream.FindOps$FindOp.evaluateSequential(FindOps.java:152)
at java.util.stream.AbstractPipeline.evaluate(AbstractPipeline.java:234)
at java.util.stream.ReferencePipeline.findFirst(ReferencePipeline.java:464)
at org.openqa.selenium.remote.ProtocolHandshake.createSession(ProtocolHandshake.java:129)
at org.openqa.selenium.remote.ProtocolHandshake.createSession(ProtocolHandshake.java:75)
at org.openqa.selenium.remote.HttpCommandExecutor.execute(HttpCommandExecutor.java:139)
at org.openqa.selenium.remote.service.DriverCommandExecutor.execute(DriverCommandExecutor.java:83)
at org.openqa.selenium.remote.RemoteWebDriver.execute(RemoteWebDriver.java:576)
at org.openqa.selenium.remote.RemoteWebDriver.startSession(RemoteWebDriver.java:210)
at org.openqa.selenium.remote.RemoteWebDriver.<init>(RemoteWebDriver.java:130)
at org.openqa.selenium.chrome.ChromeDriver.<init>(ChromeDriver.java:181)
at org.openqa.selenium.chrome.ChromeDriver.<init>(ChromeDriver.java:168)
at org.openqa.selenium.chrome.ChromeDriver.<init>(ChromeDriver.java:123)
at com.atmecs.phptravelsautomation.testbase.TestBase.intitailizeBrowser(TestBase.java:39)
at sun.reflect.NativeMethodAccessorImpl.invoke0(Native Method)
at sun.reflect.NativeMethodAccessorImpl.invoke(NativeMethodAccessorImpl.java:62)
at sun.reflect.DelegatingMethodAccessorImpl.invoke(DelegatingMethodAccessorImpl.java:43)
at java.lang.reflect.Method.invoke(Method.java:498)
at org.testng.internal.MethodInvocationHelper.invokeMethod(MethodInvocationHelper.java:124)
at org.testng.internal.MethodInvocationHelper.invokeMethodConsideringTimeout(MethodInvocationHelper.java:59)
at org.testng.internal.Invoker.invokeConfigurationMethod(Invoker.java:458)
at org.testng.internal.Invoker.invokeConfigurations(Invoker.java:222)
at org.testng.internal.Invoker.invokeConfigurations(Invoker.java:142)
at org.testng.SuiteRunner.privateRun(SuiteRunner.java:401)
at org.testng.SuiteRunner.run(SuiteRunner.java:364)
at org.testng.SuiteRunnerWorker.runSuite(SuiteRunnerWorker.java:52)
at org.testng.SuiteRunnerWorker.run(SuiteRunnerWorker.java:84)
at org.testng.TestNG.runSuitesSequentially(TestNG.java:1208)
at org.testng.TestNG.runSuitesSequentially(TestNG.java:1204)
at org.testng.TestNG.runSuitesLocally(TestNG.java:1137)
at org.testng.TestNG.runSuites(TestNG.java:1049)
at org.testng.TestNG.run(TestNG.java:1017)
at org.apache.maven.surefire.testng.TestNGExecutor.run(TestNGExecutor.java:283)
at org.apache.maven.surefire.testng.TestNGXmlTestSuite.execute(TestNGXmlTestSuite.java:75)
at org.apache.maven.surefire.testng.TestNGProvider.invoke(TestNGProvider.java:120)
at org.apache.maven.surefire.booter.ForkedBooter.invokeProviderInSameClassLoader(ForkedBooter.java:384)
at org.apache.maven.surefire.booter.ForkedBooter.runSuitesInProcess(ForkedBooter.java:345)
at org.apache.maven.surefire.booter.ForkedBooter.execute(ForkedBooter.java:126)
at org.apache.maven.surefire.booter.ForkedBooter.main(ForkedBooter.java:418)
]]>
            </full-stacktrace>
          </exception> <!-- org.openqa.selenium.WebDriverException -->
          <reporter-output>
          </reporter-output>
        </test-method> <!-- invoicePageValidate -->
        <test-method status="SKIP" signature="tearDown(org.testng.ITestResult)[pri:0, instance:com.atmecs.phptravels.testscripts.InvoicePageTest@48eff760]" name="tearDown" is-config="true" duration-ms="0" started-at="2019-09-20T10:50:45Z" finished-at="2019-09-20T10:50:45Z">
          <reporter-output>
          </reporter-output>
        </test-method> <!-- tearDown -->
        <test-method status="SKIP" signature="endReport()[pri:0, instance:com.atmecs.phptravels.testscripts.InvoicePageTest@48eff760]" name="endReport" is-config="true" duration-ms="0" started-at="2019-09-20T10:50:45Z" finished-at="2019-09-20T10:50:45Z">
          <reporter-output>
          </reporter-output>
        </test-method> <!-- endReport -->
      </class> <!-- com.atmecs.phptravels.testscripts.InvoicePageTest -->
    </test> <!-- Test -->
  </suite> <!-- Suite (0) -->
</testng-results>
