<?xml version="1.0" encoding="UTF-8"?>
<!-- Generated by org.testng.reporters.JUnitReportReporter -->
<testsuite skipped="14" hostname="ATMECSINLT-087" name="com.atmecs.phptravels.testscripts.InvoicePageTest" tests="15" failures="0" timestamp="20 Sep 2019 10:50:46 GMT" time="2.156" errors="1">
  <testcase name="landingPageValidation" time="0.000" classname="com.atmecs.phptravels.testscripts.InvoicePageTest">
    <skipped/>
  </testcase> <!-- landingPageValidation -->
  <testcase name="intitailizeBrowser" time="2.156" classname="com.atmecs.phptravels.testscripts.InvoicePageTest">
    <error type="org.openqa.selenium.WebDriverException" message="unknown error: cannot find Chrome binary
Build info: version: &#039;4.0.0-alpha-2&#039;, revision: &#039;f148142cf8&#039;, time: &#039;2019-07-01T20:55:26&#039;
System info: host: &#039;ATMECSINLT-087&#039;, ip: &#039;55.55.52.203&#039;, os.name: &#039;Windows 10&#039;, os.arch: &#039;amd64&#039;, os.version: &#039;10.0&#039;, java.version: &#039;1.8.0_221&#039;
Driver info: driver.version: ChromeDriver
remote stacktrace: Backtrace:
	Ordinal0 [0x00E67C53+1473619]
	Ordinal0 [0x00DEAD71+961905]
	Ordinal0 [0x00D742B3+475827]
	Ordinal0 [0x00D0B77B+46971]
	Ordinal0 [0x00D29149+168265]
	Ordinal0 [0x00D28D1D+167197]
	Ordinal0 [0x00D2742B+160811]
	Ordinal0 [0x00D10AE6+68326]
	Ordinal0 [0x00D11BF0+72688]
	Ordinal0 [0x00D11B89+72585]
	Ordinal0 [0x00E04B37+1067831]
	GetHandleVerifier [0x00F06845+506677]
	GetHandleVerifier [0x00F065E0+506064]
	GetHandleVerifier [0x00F0D188+533624]
	GetHandleVerifier [0x00F0701A+508682]
	Ordinal0 [0x00DFC226+1032742]
	Ordinal0 [0x00DFC09F+1032351]
	Ordinal0 [0x00E06A4B+1075787]
	Ordinal0 [0x00E06BB3+1076147]
	Ordinal0 [0x00E05B65+1071973]
	BaseThreadInitThunk [0x762060C9+25]
	RtlGetAppContainerNamedObjectPath [0x772A7A94+228]
	RtlGetAppContainerNamedObjectPath [0x772A7A64+180]
">
      <![CDATA[org.openqa.selenium.WebDriverException: unknown error: cannot find Chrome binary
Build info: version: '4.0.0-alpha-2', revision: 'f148142cf8', time: '2019-07-01T20:55:26'
System info: host: 'ATMECSINLT-087', ip: '55.55.52.203', os.name: 'Windows 10', os.arch: 'amd64', os.version: '10.0', java.version: '1.8.0_221'
Driver info: driver.version: ChromeDriver
remote stacktrace: Backtrace:
Ordinal0 [0x00E67C53+1473619]
Ordinal0 [0x00DEAD71+961905]
Ordinal0 [0x00D742B3+475827]
Ordinal0 [0x00D0B77B+46971]
Ordinal0 [0x00D29149+168265]
Ordinal0 [0x00D28D1D+167197]
Ordinal0 [0x00D2742B+160811]
Ordinal0 [0x00D10AE6+68326]
Ordinal0 [0x00D11BF0+72688]
Ordinal0 [0x00D11B89+72585]
Ordinal0 [0x00E04B37+1067831]
GetHandleVerifier [0x00F06845+506677]
GetHandleVerifier [0x00F065E0+506064]
GetHandleVerifier [0x00F0D188+533624]
GetHandleVerifier [0x00F0701A+508682]
Ordinal0 [0x00DFC226+1032742]
Ordinal0 [0x00DFC09F+1032351]
Ordinal0 [0x00E06A4B+1075787]
Ordinal0 [0x00E06BB3+1076147]
Ordinal0 [0x00E05B65+1071973]
BaseThreadInitThunk [0x762060C9+25]
RtlGetAppContainerNamedObjectPath [0x772A7A94+228]
RtlGetAppContainerNamedObjectPath [0x772A7A64+180]

at sun.reflect.NativeConstructorAccessorImpl.newInstance0(Native Method)
at sun.reflect.NativeConstructorAccessorImpl.newInstance(NativeConstructorAccessorImpl.java:62)
at sun.reflect.DelegatingConstructorAccessorImpl.newInstance(DelegatingConstructorAccessorImpl.java:45)
at java.lang.reflect.Constructor.newInstance(Constructor.java:423)
at org.openqa.selenium.remote.W3CHandshakeResponse.lambda$errorHandler$0(W3CHandshakeResponse.java:62)
at org.openqa.selenium.remote.HandshakeResponse.lambda$getResponseFunction$0(HandshakeResponse.java:30)
at org.openqa.selenium.remote.ProtocolHandshake.lambda$createSession$1(ProtocolHandshake.java:127)
at java.util.stream.ReferencePipeline$3$1.accept(ReferencePipeline.java:193)
at java.util.Spliterators$ArraySpliterator.tryAdvance(Spliterators.java:958)
at java.util.stream.ReferencePipeline.forEachWithCancel(ReferencePipeline.java:126)
at java.util.stream.AbstractPipeline.copyIntoWithCancel(AbstractPipeline.java:499)
at java.util.stream.AbstractPipeline.copyInto(AbstractPipeline.java:486)
at java.util.stream.AbstractPipeline.wrapAndCopyInto(AbstractPipeline.java:472)
at java.util.stream.FindOps$FindOp.evaluateSequential(FindOps.java:152)
at java.util.stream.AbstractPipeline.evaluate(AbstractPipeline.java:234)
at java.util.stream.ReferencePipeline.findFirst(ReferencePipeline.java:464)
at org.openqa.selenium.remote.ProtocolHandshake.createSession(ProtocolHandshake.java:129)
at org.openqa.selenium.remote.ProtocolHandshake.createSession(ProtocolHandshake.java:75)
at org.openqa.selenium.remote.HttpCommandExecutor.execute(HttpCommandExecutor.java:139)
at org.openqa.selenium.remote.service.DriverCommandExecutor.execute(DriverCommandExecutor.java:83)
at org.openqa.selenium.remote.RemoteWebDriver.execute(RemoteWebDriver.java:576)
at org.openqa.selenium.remote.RemoteWebDriver.startSession(RemoteWebDriver.java:210)
at org.openqa.selenium.remote.RemoteWebDriver.<init>(RemoteWebDriver.java:130)
at org.openqa.selenium.chrome.ChromeDriver.<init>(ChromeDriver.java:181)
at org.openqa.selenium.chrome.ChromeDriver.<init>(ChromeDriver.java:168)
at org.openqa.selenium.chrome.ChromeDriver.<init>(ChromeDriver.java:123)
at com.atmecs.phptravelsautomation.testbase.TestBase.intitailizeBrowser(TestBase.java:39)
at sun.reflect.NativeMethodAccessorImpl.invoke0(Native Method)
at sun.reflect.NativeMethodAccessorImpl.invoke(NativeMethodAccessorImpl.java:62)
at sun.reflect.DelegatingMethodAccessorImpl.invoke(DelegatingMethodAccessorImpl.java:43)
at java.lang.reflect.Method.invoke(Method.java:498)
at org.testng.internal.MethodInvocationHelper.invokeMethod(MethodInvocationHelper.java:124)
at org.testng.internal.MethodInvocationHelper.invokeMethodConsideringTimeout(MethodInvocationHelper.java:59)
at org.testng.internal.Invoker.invokeConfigurationMethod(Invoker.java:458)
at org.testng.internal.Invoker.invokeConfigurations(Invoker.java:222)
at org.testng.internal.Invoker.invokeConfigurations(Invoker.java:142)
at org.testng.SuiteRunner.privateRun(SuiteRunner.java:401)
at org.testng.SuiteRunner.run(SuiteRunner.java:364)
at org.testng.SuiteRunnerWorker.runSuite(SuiteRunnerWorker.java:52)
at org.testng.SuiteRunnerWorker.run(SuiteRunnerWorker.java:84)
at org.testng.TestNG.runSuitesSequentially(TestNG.java:1208)
at org.testng.TestNG.runSuitesSequentially(TestNG.java:1204)
at org.testng.TestNG.runSuitesLocally(TestNG.java:1137)
at org.testng.TestNG.runSuites(TestNG.java:1049)
at org.testng.TestNG.run(TestNG.java:1017)
at org.apache.maven.surefire.testng.TestNGExecutor.run(TestNGExecutor.java:283)
at org.apache.maven.surefire.testng.TestNGXmlTestSuite.execute(TestNGXmlTestSuite.java:75)
at org.apache.maven.surefire.testng.TestNGProvider.invoke(TestNGProvider.java:120)
at org.apache.maven.surefire.booter.ForkedBooter.invokeProviderInSameClassLoader(ForkedBooter.java:384)
at org.apache.maven.surefire.booter.ForkedBooter.runSuitesInProcess(ForkedBooter.java:345)
at org.apache.maven.surefire.booter.ForkedBooter.execute(ForkedBooter.java:126)
at org.apache.maven.surefire.booter.ForkedBooter.main(ForkedBooter.java:418)
]]>
    </error>
  </testcase> <!-- intitailizeBrowser -->
  <testcase name="invalidCheckinDate" time="0.000" classname="com.atmecs.phptravels.testscripts.InvoicePageTest">
    <skipped/>
  </testcase> <!-- invalidCheckinDate -->
  <testcase name="tourSearch" time="0.000" classname="com.atmecs.phptravels.testscripts.InvoicePageTest">
    <skipped/>
  </testcase> <!-- tourSearch -->
  <testcase name="cityInputValidation" time="0.000" classname="com.atmecs.phptravels.testscripts.InvoicePageTest">
    <skipped/>
  </testcase> <!-- cityInputValidation -->
  <testcase name="BookingOption" time="0.000" classname="com.atmecs.phptravels.testscripts.InvoicePageTest">
    <skipped/>
  </testcase> <!-- BookingOption -->
  <testcase name="personalDetailsInput" time="0.000" classname="com.atmecs.phptravels.testscripts.InvoicePageTest">
    <skipped/>
  </testcase> <!-- personalDetailsInput -->
  <testcase name="guestInfoInput" time="0.000" classname="com.atmecs.phptravels.testscripts.InvoicePageTest">
    <skipped/>
  </testcase> <!-- guestInfoInput -->
  <testcase name="guestInfoInput" time="0.000" classname="com.atmecs.phptravels.testscripts.InvoicePageTest">
    <skipped/>
  </testcase> <!-- guestInfoInput -->
  <testcase name="guestInfoInput" time="0.000" classname="com.atmecs.phptravels.testscripts.InvoicePageTest">
    <skipped/>
  </testcase> <!-- guestInfoInput -->
  <testcase name="guestInfoInput" time="0.000" classname="com.atmecs.phptravels.testscripts.InvoicePageTest">
    <skipped/>
  </testcase> <!-- guestInfoInput -->
  <testcase name="amountValidateAfterAddingExtra" time="0.000" classname="com.atmecs.phptravels.testscripts.InvoicePageTest">
    <skipped/>
  </testcase> <!-- amountValidateAfterAddingExtra -->
  <testcase name="tourNameValidate" time="0.000" classname="com.atmecs.phptravels.testscripts.InvoicePageTest">
    <skipped/>
  </testcase> <!-- tourNameValidate -->
  <testcase name="amountValidateBeforeAddingExtra" time="0.000" classname="com.atmecs.phptravels.testscripts.InvoicePageTest">
    <skipped/>
  </testcase> <!-- amountValidateBeforeAddingExtra -->
  <testcase name="invoicePageValidate" time="0.000" classname="com.atmecs.phptravels.testscripts.InvoicePageTest">
    <skipped/>
  </testcase> <!-- invoicePageValidate -->
</testsuite> <!-- com.atmecs.phptravels.testscripts.InvoicePageTest -->
