<?xml version="1.0" encoding="UTF-8"?>
<!-- Generated by org.testng.reporters.JUnitXMLReporter -->
<testsuite ignored="0" hostname="ATMECSINLT-087" failures="1" tests="1" name="Test2" time="21.658" errors="0" timestamp="16 Sep 2019 12:15:42 GMT">
  <testcase classname="com.atmecs.phptravels.testscripts.BookingOptionTestScript" name="BookingOption" time="21.657">
    <failure type="java.lang.AssertionError" message="Failed expected [USD $300] but found [SAR 1,125]">
      <![CDATA[java.lang.AssertionError: Failed expected [USD $300] but found [SAR 1,125]
at com.atmecs.phptravelsautomation.pages.BookingOptionPage.bookingPageValidate(BookingOptionPage.java:44)
at com.atmecs.phptravels.testscripts.BookingOptionTestScript.BookingOption(BookingOptionTestScript.java:17)
... Removed 35 stack frames]]>
    </failure>
  </testcase> <!-- BookingOption -->
</testsuite> <!-- Test2 -->
