<?xml version="1.0" encoding="UTF-8"?>
<!-- Generated by org.testng.reporters.JUnitXMLReporter -->
<testsuite hostname="ATMECSINLT-087" ignored="0" name="Test" tests="14" failures="0" timestamp="20 Sep 2019 10:50:45 GMT" time="1.723" errors="0">
  <testcase name="@BeforeSuite intitailizeBrowser" time="2.156" classname="com.atmecs.phptravelsautomation.testbase.TestBase">
    <failure type="org.openqa.selenium.WebDriverException" message="unknown error: cannot find Chrome binary
Build info: version: &amp;apos;4.0.0-alpha-2&amp;apos;, revision: &amp;apos;f148142cf8&amp;apos;, time: &amp;apos;2019-07-01T20:55:26&amp;apos;
System info: host: &amp;apos;ATMECSINLT-087&amp;apos;, ip: &amp;apos;55.55.52.203&amp;apos;, os.name: &amp;apos;Windows 10&amp;apos;, os.arch: &amp;apos;amd64&amp;apos;, os.version: &amp;apos;10.0&amp;apos;, java.version: &amp;apos;1.8.0_221&amp;apos;
Driver info: driver.version: ChromeDriver
remote stacktrace: Backtrace:
	Ordinal0 [0x00E67C53+1473619]
	Ordinal0 [0x00DEAD71+961905]
	Ordinal0 [0x00D742B3+475827]
	Ordinal0 [0x00D0B77B+46971]
	Ordinal0 [0x00D29149+168265]
	Ordinal0 [0x00D28D1D+167197]
	Ordinal0 [0x00D2742B+160811]
	Ordinal0 [0x00D10AE6+68326]
	Ordinal0 [0x00D11BF0+72688]
	Ordinal0 [0x00D11B89+72585]
	Ordinal0 [0x00E04B37+1067831]
	GetHandleVerifier [0x00F06845+506677]
	GetHandleVerifier [0x00F065E0+506064]
	GetHandleVerifier [0x00F0D188+533624]
	GetHandleVerifier [0x00F0701A+508682]
	Ordinal0 [0x00DFC226+1032742]
	Ordinal0 [0x00DFC09F+1032351]
	Ordinal0 [0x00E06A4B+1075787]
	Ordinal0 [0x00E06BB3+1076147]
	Ordinal0 [0x00E05B65+1071973]
	BaseThreadInitThunk [0x762060C9+25]
	RtlGetAppContainerNamedObjectPath [0x772A7A94+228]
	RtlGetAppContainerNamedObjectPath [0x772A7A64+180]
">
      <![CDATA[org.openqa.selenium.WebDriverException: unknown error: cannot find Chrome binary
Build info: version: '4.0.0-alpha-2', revision: 'f148142cf8', time: '2019-07-01T20:55:26'
System info: host: 'ATMECSINLT-087', ip: '55.55.52.203', os.name: 'Windows 10', os.arch: 'amd64', os.version: '10.0', java.version: '1.8.0_221'
Driver info: driver.version: ChromeDriver
remote stacktrace: Backtrace:
Ordinal0 [0x00E67C53+1473619]
Ordinal0 [0x00DEAD71+961905]
Ordinal0 [0x00D742B3+475827]
Ordinal0 [0x00D0B77B+46971]
Ordinal0 [0x00D29149+168265]
Ordinal0 [0x00D28D1D+167197]
Ordinal0 [0x00D2742B+160811]
Ordinal0 [0x00D10AE6+68326]
Ordinal0 [0x00D11BF0+72688]
Ordinal0 [0x00D11B89+72585]
Ordinal0 [0x00E04B37+1067831]
GetHandleVerifier [0x00F06845+506677]
GetHandleVerifier [0x00F065E0+506064]
GetHandleVerifier [0x00F0D188+533624]
GetHandleVerifier [0x00F0701A+508682]
Ordinal0 [0x00DFC226+1032742]
Ordinal0 [0x00DFC09F+1032351]
Ordinal0 [0x00E06A4B+1075787]
Ordinal0 [0x00E06BB3+1076147]
Ordinal0 [0x00E05B65+1071973]
BaseThreadInitThunk [0x762060C9+25]
RtlGetAppContainerNamedObjectPath [0x772A7A94+228]
RtlGetAppContainerNamedObjectPath [0x772A7A64+180]

at org.openqa.selenium.remote.W3CHandshakeResponse.lambda$errorHandler$0(W3CHandshakeResponse.java:62)
at org.openqa.selenium.remote.HandshakeResponse.lambda$getResponseFunction$0(HandshakeResponse.java:30)
at org.openqa.selenium.remote.ProtocolHandshake.lambda$createSession$1(ProtocolHandshake.java:127)
at java.util.stream.ReferencePipeline$3$1.accept(ReferencePipeline.java:193)
at java.util.Spliterators$ArraySpliterator.tryAdvance(Spliterators.java:958)
at java.util.stream.ReferencePipeline.forEachWithCancel(ReferencePipeline.java:126)
at java.util.stream.AbstractPipeline.copyIntoWithCancel(AbstractPipeline.java:499)
at java.util.stream.AbstractPipeline.copyInto(AbstractPipeline.java:486)
at java.util.stream.AbstractPipeline.wrapAndCopyInto(AbstractPipeline.java:472)
at java.util.stream.FindOps$FindOp.evaluateSequential(FindOps.java:152)
at java.util.stream.AbstractPipeline.evaluate(AbstractPipeline.java:234)
at java.util.stream.ReferencePipeline.findFirst(ReferencePipeline.java:464)
at org.openqa.selenium.remote.ProtocolHandshake.createSession(ProtocolHandshake.java:129)
at org.openqa.selenium.remote.ProtocolHandshake.createSession(ProtocolHandshake.java:75)
at org.openqa.selenium.remote.HttpCommandExecutor.execute(HttpCommandExecutor.java:139)
at org.openqa.selenium.remote.service.DriverCommandExecutor.execute(DriverCommandExecutor.java:83)
at org.openqa.selenium.remote.RemoteWebDriver.execute(RemoteWebDriver.java:576)
at org.openqa.selenium.remote.RemoteWebDriver.startSession(RemoteWebDriver.java:210)
at org.openqa.selenium.remote.RemoteWebDriver.<init>(RemoteWebDriver.java:130)
at org.openqa.selenium.chrome.ChromeDriver.<init>(ChromeDriver.java:181)
at org.openqa.selenium.chrome.ChromeDriver.<init>(ChromeDriver.java:168)
at org.openqa.selenium.chrome.ChromeDriver.<init>(ChromeDriver.java:123)
at com.atmecs.phptravelsautomation.testbase.TestBase.intitailizeBrowser(TestBase.java:39)
... Removed 29 stack frames]]>
    </failure>
  </testcase> <!-- @BeforeSuite intitailizeBrowser -->
  <testcase name="@AfterMethod tearDown" time="0.0" classname="com.atmecs.phptravelsautomation.extentreports.ExtentReport">
    <skipped/>
  </testcase> <!-- @AfterMethod tearDown -->
  <testcase name="@AfterMethod tearDown" time="0.0" classname="com.atmecs.phptravelsautomation.extentreports.ExtentReport">
    <skipped/>
  </testcase> <!-- @AfterMethod tearDown -->
  <testcase name="@AfterMethod tearDown" time="0.0" classname="com.atmecs.phptravelsautomation.extentreports.ExtentReport">
    <skipped/>
  </testcase> <!-- @AfterMethod tearDown -->
  <testcase name="@AfterMethod tearDown" time="0.0" classname="com.atmecs.phptravelsautomation.extentreports.ExtentReport">
    <skipped/>
  </testcase> <!-- @AfterMethod tearDown -->
  <testcase name="@AfterMethod tearDown" time="0.0" classname="com.atmecs.phptravelsautomation.extentreports.ExtentReport">
    <skipped/>
  </testcase> <!-- @AfterMethod tearDown -->
  <testcase name="@AfterMethod tearDown" time="0.0" classname="com.atmecs.phptravelsautomation.extentreports.ExtentReport">
    <skipped/>
  </testcase> <!-- @AfterMethod tearDown -->
  <testcase name="@AfterMethod tearDown" time="0.0" classname="com.atmecs.phptravelsautomation.extentreports.ExtentReport">
    <skipped/>
  </testcase> <!-- @AfterMethod tearDown -->
  <testcase name="@AfterMethod tearDown" time="0.0" classname="com.atmecs.phptravelsautomation.extentreports.ExtentReport">
    <skipped/>
  </testcase> <!-- @AfterMethod tearDown -->
  <testcase name="@AfterMethod tearDown" time="0.0" classname="com.atmecs.phptravelsautomation.extentreports.ExtentReport">
    <skipped/>
  </testcase> <!-- @AfterMethod tearDown -->
  <testcase name="@AfterMethod tearDown" time="0.0" classname="com.atmecs.phptravelsautomation.extentreports.ExtentReport">
    <skipped/>
  </testcase> <!-- @AfterMethod tearDown -->
  <testcase name="@AfterMethod tearDown" time="0.0" classname="com.atmecs.phptravelsautomation.extentreports.ExtentReport">
    <skipped/>
  </testcase> <!-- @AfterMethod tearDown -->
  <testcase name="@AfterMethod tearDown" time="0.0" classname="com.atmecs.phptravelsautomation.extentreports.ExtentReport">
    <skipped/>
  </testcase> <!-- @AfterMethod tearDown -->
  <testcase name="@AfterMethod tearDown" time="0.0" classname="com.atmecs.phptravelsautomation.extentreports.ExtentReport">
    <skipped/>
  </testcase> <!-- @AfterMethod tearDown -->
  <testcase name="@AfterMethod tearDown" time="0.0" classname="com.atmecs.phptravelsautomation.extentreports.ExtentReport">
    <skipped/>
  </testcase> <!-- @AfterMethod tearDown -->
  <testcase name="landingPageValidation" time="0.0" classname="com.atmecs.phptravels.testscripts.HomePageTestScript">
    <skipped/>
  </testcase> <!-- landingPageValidation -->
  <testcase name="invalidCheckinDate" time="0.0" classname="com.atmecs.phptravels.testscripts.HomePageTestScript">
    <skipped/>
  </testcase> <!-- invalidCheckinDate -->
  <testcase name="cityInputValidation" time="0.0" classname="com.atmecs.phptravels.testscripts.HomePageTestScript">
    <skipped/>
  </testcase> <!-- cityInputValidation -->
  <testcase name="tourSearch" time="0.0" classname="com.atmecs.phptravels.testscripts.HomePageTestScript">
    <skipped/>
  </testcase> <!-- tourSearch -->
  <testcase name="BookingOption" time="0.0" classname="com.atmecs.phptravels.testscripts.BookingOptionTestScript">
    <skipped/>
  </testcase> <!-- BookingOption -->
  <testcase name="personalDetailsInput" time="0.0" classname="com.atmecs.phptravels.testscripts.BookingSummaryPageTest">
    <skipped/>
  </testcase> <!-- personalDetailsInput -->
  <testcase name="guestInfoInput" time="0.0" classname="com.atmecs.phptravels.testscripts.BookingSummaryPageTest">
    <skipped/>
  </testcase> <!-- guestInfoInput -->
  <testcase name="guestInfoInput" time="0.0" classname="com.atmecs.phptravels.testscripts.BookingSummaryPageTest">
    <skipped/>
  </testcase> <!-- guestInfoInput -->
  <testcase name="guestInfoInput" time="0.0" classname="com.atmecs.phptravels.testscripts.BookingSummaryPageTest">
    <skipped/>
  </testcase> <!-- guestInfoInput -->
  <testcase name="guestInfoInput" time="0.0" classname="com.atmecs.phptravels.testscripts.BookingSummaryPageTest">
    <skipped/>
  </testcase> <!-- guestInfoInput -->
  <testcase name="amountValidateAfterAddingExtra" time="0.0" classname="com.atmecs.phptravels.testscripts.BookingSummaryPageTest">
    <skipped/>
  </testcase> <!-- amountValidateAfterAddingExtra -->
  <testcase name="tourNameValidate" time="0.0" classname="com.atmecs.phptravels.testscripts.BookingSummaryPageTest">
    <skipped/>
  </testcase> <!-- tourNameValidate -->
  <testcase name="amountValidateBeforeAddingExtra" time="0.0" classname="com.atmecs.phptravels.testscripts.BookingSummaryPageTest">
    <skipped/>
  </testcase> <!-- amountValidateBeforeAddingExtra -->
  <testcase name="invoicePageValidate" time="0.0" classname="com.atmecs.phptravels.testscripts.InvoicePageTest">
    <skipped/>
  </testcase> <!-- invoicePageValidate -->
</testsuite> <!-- Test -->
